<?xml version="1.0" encoding="UTF-8"?>
<!-- Generated by org.testng.reporters.JUnitReportReporter -->
<testsuite hostname="DESKTOP-H3UQ7ED" failures="0" tests="1" name="tests.TC07_SelectFromShopBy" time="57.778" errors="0" timestamp="2023-11-05T16:49:23 IST" skipped="0">
  <testcase classname="tests.TC07_SelectFromShopBy" name="SelectingFromShopBy" time="57.778"/>
</testsuite> <!-- tests.TC07_SelectFromShopBy -->
