<?xml version="1.0" encoding="UTF-8"?>
<!-- Generated by org.testng.reporters.JUnitReportReporter -->
<testsuite hostname="DESKTOP-H3UQ7ED" failures="0" tests="1" name="tests.TC06_AddingItemToCart" time="42.419" errors="0" timestamp="2023-11-05T13:29:32 IST" skipped="0">
  <testcase classname="tests.TC06_AddingItemToCart" name="AddingItemToCart" time="42.419"/>
</testsuite> <!-- tests.TC06_AddingItemToCart -->
