<?xml version="1.0" encoding="UTF-8"?>
<!-- Generated by org.testng.reporters.JUnitReportReporter -->
<testsuite hostname="DESKTOP-H3UQ7ED" failures="0" tests="2" name="tests.TC02_SignUpFunctionality" time="114.911" errors="0" timestamp="2023-11-18T08:56:46 IST" skipped="0">
  <testcase classname="tests.TC02_SignUpFunctionality" name="SignUpTest" time="55.450"/>
  <testcase classname="tests.TC02_SignUpFunctionality" name="SignUpNegativeTest" time="59.461"/>
</testsuite> <!-- tests.TC02_SignUpFunctionality -->
