<?xml version="1.0" encoding="UTF-8"?>
<!-- Generated by org.testng.reporters.JUnitReportReporter -->
<testsuite hostname="DESKTOP-H3UQ7ED" failures="0" tests="1" name="tests.TC04_ValidateTitle" time="33.420" errors="0" timestamp="2023-12-28T19:57:52 IST" skipped="0">
  <testcase classname="tests.TC04_ValidateTitle" name="ValidateTitle" time="33.420"/>
</testsuite> <!-- tests.TC04_ValidateTitle -->
