<?xml version="1.0" encoding="UTF-8"?>
<!-- Generated by org.testng.reporters.JUnitReportReporter -->
<testsuite hostname="DESKTOP-H3UQ7ED" failures="0" tests="1" name="tests.TC05_ValidateBottomLinks" time="102.164" errors="0" timestamp="2023-10-29T15:55:02 IST" skipped="0">
  <testcase classname="tests.TC05_ValidateBottomLinks" name="validateBottomLinks" time="102.164"/>
</testsuite> <!-- tests.TC05_ValidateBottomLinks -->
