<?xml version="1.0" encoding="UTF-8"?>
<!-- Generated by org.testng.reporters.JUnitReportReporter -->
<testsuite hostname="DESKTOP-H3UQ7ED" failures="0" tests="2" name="tests.TC03_CheckingBrokenLinks" time="56.129" errors="0" timestamp="2023-12-15T21:40:04 IST" skipped="0">
  <testcase classname="tests.TC03_CheckingBrokenLinks" name="CheckBrokenLinksTest" time="30.017"/>
  <testcase classname="tests.TC03_CheckingBrokenLinks" name="CheckBrokenLinksTest" time="26.112"/>
</testsuite> <!-- tests.TC03_CheckingBrokenLinks -->
