<?xml version="1.0" encoding="UTF-8"?>
<!-- Generated by org.testng.reporters.JUnitReportReporter -->
<testsuite hostname="DESKTOP-H3UQ7ED" failures="0" tests="1" name="tests.TC04_ValidateTitle" time="148.471" errors="0" timestamp="2023-10-29T11:31:54 IST" skipped="0">
  <testcase classname="tests.TC04_ValidateTitle" name="ValidateTitle" time="148.471"/>
</testsuite> <!-- tests.TC04_ValidateTitle -->
