<?xml version="1.0" encoding="UTF-8"?>
<!-- Generated by org.testng.reporters.JUnitReportReporter -->
<testsuite hostname="DESKTOP-H3UQ7ED" failures="0" tests="2" name="tests.TC02_SignUpFunctionality" time="33.920" errors="0" timestamp="2023-12-02T08:06:30 IST" skipped="0">
  <testcase classname="tests.TC02_SignUpFunctionality" name="SignUpTest" time="17.950"/>
  <testcase classname="tests.TC02_SignUpFunctionality" name="SignUpNegativeTest" time="15.970"/>
</testsuite> <!-- tests.TC02_SignUpFunctionality -->
