<?xml version="1.0" encoding="UTF-8"?>
<!-- Generated by org.testng.reporters.JUnitReportReporter -->
<testsuite hostname="DESKTOP-H3UQ7ED" failures="0" tests="1" name="tests.TC10_HeadlessChrome" time="7.391" errors="1" timestamp="2023-11-26T13:13:38 IST" skipped="0">
  <testcase classname="tests.TC10_HeadlessChrome" name="HeadlessChrome" time="7.391">
    <error type="java.lang.StackOverflowError">
      <![CDATA[java.lang.StackOverflowError
at tests.TC10_HeadlessChrome.HeadlessChrome(TC10_HeadlessChrome.java:15)
at tests.TC10_HeadlessChrome.HeadlessChrome(TC10_HeadlessChrome.java:15)
at tests.TC10_HeadlessChrome.HeadlessChrome(TC10_HeadlessChrome.java:15)
at tests.TC10_HeadlessChrome.HeadlessChrome(TC10_HeadlessChrome.java:15)
at tests.TC10_HeadlessChrome.HeadlessChrome(TC10_HeadlessChrome.java:15)
at tests.TC10_HeadlessChrome.HeadlessChrome(TC10_HeadlessChrome.java:15)
at tests.TC10_HeadlessChrome.HeadlessChrome(TC10_HeadlessChrome.java:15)
at tests.TC10_HeadlessChrome.HeadlessChrome(TC10_HeadlessChrome.java:15)
at tests.TC10_HeadlessChrome.HeadlessChrome(TC10_HeadlessChrome.java:15)
at tests.TC10_HeadlessChrome.HeadlessChrome(TC10_HeadlessChrome.java:15)
at tests.TC10_HeadlessChrome.HeadlessChrome(TC10_HeadlessChrome.java:15)
at tests.TC10_HeadlessChrome.HeadlessChrome(TC10_HeadlessChrome.java:15)
at tests.TC10_HeadlessChrome.HeadlessChrome(TC10_HeadlessChrome.java:15)
at tests.TC10_HeadlessChrome.HeadlessChrome(TC10_HeadlessChrome.java:15)
at tests.TC10_HeadlessChrome.HeadlessChrome(TC10_HeadlessChrome.java:15)
at tests.TC10_HeadlessChrome.HeadlessChrome(TC10_HeadlessChrome.java:15)
at tests.TC10_HeadlessChrome.HeadlessChrome(TC10_HeadlessChrome.java:15)
at tests.TC10_HeadlessChrome.HeadlessChrome(TC10_HeadlessChrome.java:15)
at tests.TC10_HeadlessChrome.HeadlessChrome(TC10_HeadlessChrome.java:15)
at tests.TC10_HeadlessChrome.HeadlessChrome(TC10_HeadlessChrome.java:15)
at tests.TC10_HeadlessChrome.HeadlessChrome(TC10_HeadlessChrome.java:15)
at tests.TC10_HeadlessChrome.HeadlessChrome(TC10_HeadlessChrome.java:15)
at tests.TC10_HeadlessChrome.HeadlessChrome(TC10_HeadlessChrome.java:15)
at tests.TC10_HeadlessChrome.HeadlessChrome(TC10_HeadlessChrome.java:15)
at tests.TC10_HeadlessChrome.HeadlessChrome(TC10_HeadlessChrome.java:15)
at tests.TC10_HeadlessChrome.HeadlessChrome(TC10_HeadlessChrome.java:15)
at tests.TC10_HeadlessChrome.HeadlessChrome(TC10_HeadlessChrome.java:15)
at tests.TC10_HeadlessChrome.HeadlessChrome(TC10_HeadlessChrome.java:15)
at tests.TC10_HeadlessChrome.HeadlessChrome(TC10_HeadlessChrome.java:15)
at tests.TC10_HeadlessChrome.HeadlessChrome(TC10_HeadlessChrome.java:15)
at tests.TC10_HeadlessChrome.HeadlessChrome(TC10_HeadlessChrome.java:15)
at tests.TC10_HeadlessChrome.HeadlessChrome(TC10_HeadlessChrome.java:15)
at tests.TC10_HeadlessChrome.HeadlessChrome(TC10_HeadlessChrome.java:15)
at tests.TC10_HeadlessChrome.HeadlessChrome(TC10_HeadlessChrome.java:15)
at tests.TC10_HeadlessChrome.HeadlessChrome(TC10_HeadlessChrome.java:15)
at tests.TC10_HeadlessChrome.HeadlessChrome(TC10_HeadlessChrome.java:15)
at tests.TC10_HeadlessChrome.HeadlessChrome(TC10_HeadlessChrome.java:15)
at tests.TC10_HeadlessChrome.HeadlessChrome(TC10_HeadlessChrome.java:15)
at tests.TC10_HeadlessChrome.HeadlessChrome(TC10_HeadlessChrome.java:15)
at tests.TC10_HeadlessChrome.HeadlessChrome(TC10_HeadlessChrome.java:15)
at tests.TC10_HeadlessChrome.HeadlessChrome(TC10_HeadlessChrome.java:15)
at tests.TC10_HeadlessChrome.HeadlessChrome(TC10_HeadlessChrome.java:15)
at tests.TC10_HeadlessChrome.HeadlessChrome(TC10_HeadlessChrome.java:15)
at tests.TC10_HeadlessChrome.HeadlessChrome(TC10_HeadlessChrome.java:15)
at tests.TC10_HeadlessChrome.HeadlessChrome(TC10_HeadlessChrome.java:15)
at tests.TC10_HeadlessChrome.HeadlessChrome(TC10_HeadlessChrome.java:15)
at tests.TC10_HeadlessChrome.HeadlessChrome(TC10_HeadlessChrome.java:15)
at tests.TC10_HeadlessChrome.HeadlessChrome(TC10_HeadlessChrome.java:15)
at tests.TC10_HeadlessChrome.HeadlessChrome(TC10_HeadlessChrome.java:15)
at tests.TC10_HeadlessChrome.HeadlessChrome(TC10_HeadlessChrome.java:15)
at tests.TC10_HeadlessChrome.HeadlessChrome(TC10_HeadlessChrome.java:15)
at tests.TC10_HeadlessChrome.HeadlessChrome(TC10_HeadlessChrome.java:15)
at tests.TC10_HeadlessChrome.HeadlessChrome(TC10_HeadlessChrome.java:15)
at tests.TC10_HeadlessChrome.HeadlessChrome(TC10_HeadlessChrome.java:15)
at tests.TC10_HeadlessChrome.HeadlessChrome(TC10_HeadlessChrome.java:15)
at tests.TC10_HeadlessChrome.HeadlessChrome(TC10_HeadlessChrome.java:15)
at tests.TC10_HeadlessChrome.HeadlessChrome(TC10_HeadlessChrome.java:15)
at tests.TC10_HeadlessChrome.HeadlessChrome(TC10_HeadlessChrome.java:15)
at tests.TC10_HeadlessChrome.HeadlessChrome(TC10_HeadlessChrome.java:15)
at tests.TC10_HeadlessChrome.HeadlessChrome(TC10_HeadlessChrome.java:15)
at tests.TC10_HeadlessChrome.HeadlessChrome(TC10_HeadlessChrome.java:15)
at tests.TC10_HeadlessChrome.HeadlessChrome(TC10_HeadlessChrome.java:15)
at tests.TC10_HeadlessChrome.HeadlessChrome(TC10_HeadlessChrome.java:15)
at tests.TC10_HeadlessChrome.HeadlessChrome(TC10_HeadlessChrome.java:15)
at tests.TC10_HeadlessChrome.HeadlessChrome(TC10_HeadlessChrome.java:15)
at tests.TC10_HeadlessChrome.HeadlessChrome(TC10_HeadlessChrome.java:15)
at tests.TC10_HeadlessChrome.HeadlessChrome(TC10_HeadlessChrome.java:15)
at tests.TC10_HeadlessChrome.HeadlessChrome(TC10_HeadlessChrome.java:15)
at tests.TC10_HeadlessChrome.HeadlessChrome(TC10_HeadlessChrome.java:15)
at tests.TC10_HeadlessChrome.HeadlessChrome(TC10_HeadlessChrome.java:15)
at tests.TC10_HeadlessChrome.HeadlessChrome(TC10_HeadlessChrome.java:15)
at tests.TC10_HeadlessChrome.HeadlessChrome(TC10_HeadlessChrome.java:15)
at tests.TC10_HeadlessChrome.HeadlessChrome(TC10_HeadlessChrome.java:15)
at tests.TC10_HeadlessChrome.HeadlessChrome(TC10_HeadlessChrome.java:15)
at tests.TC10_HeadlessChrome.HeadlessChrome(TC10_HeadlessChrome.java:15)
at tests.TC10_HeadlessChrome.HeadlessChrome(TC10_HeadlessChrome.java:15)
at tests.TC10_HeadlessChrome.HeadlessChrome(TC10_HeadlessChrome.java:15)
at tests.TC10_HeadlessChrome.HeadlessChrome(TC10_HeadlessChrome.java:15)
at tests.TC10_HeadlessChrome.HeadlessChrome(TC10_HeadlessChrome.java:15)
at tests.TC10_HeadlessChrome.HeadlessChrome(TC10_HeadlessChrome.java:15)
at tests.TC10_HeadlessChrome.HeadlessChrome(TC10_HeadlessChrome.java:15)
at tests.TC10_HeadlessChrome.HeadlessChrome(TC10_HeadlessChrome.java:15)
at tests.TC10_HeadlessChrome.HeadlessChrome(TC10_HeadlessChrome.java:15)
at tests.TC10_HeadlessChrome.HeadlessChrome(TC10_HeadlessChrome.java:15)
at tests.TC10_HeadlessChrome.HeadlessChrome(TC10_HeadlessChrome.java:15)
at tests.TC10_HeadlessChrome.HeadlessChrome(TC10_HeadlessChrome.java:15)
at tests.TC10_HeadlessChrome.HeadlessChrome(TC10_HeadlessChrome.java:15)
at tests.TC10_HeadlessChrome.HeadlessChrome(TC10_HeadlessChrome.java:15)
at tests.TC10_HeadlessChrome.HeadlessChrome(TC10_HeadlessChrome.java:15)
at tests.TC10_HeadlessChrome.HeadlessChrome(TC10_HeadlessChrome.java:15)
at tests.TC10_HeadlessChrome.HeadlessChrome(TC10_HeadlessChrome.java:15)
at tests.TC10_HeadlessChrome.HeadlessChrome(TC10_HeadlessChrome.java:15)
at tests.TC10_HeadlessChrome.HeadlessChrome(TC10_HeadlessChrome.java:15)
at tests.TC10_HeadlessChrome.HeadlessChrome(TC10_HeadlessChrome.java:15)
at tests.TC10_HeadlessChrome.HeadlessChrome(TC10_HeadlessChrome.java:15)
at tests.TC10_HeadlessChrome.HeadlessChrome(TC10_HeadlessChrome.java:15)
at tests.TC10_HeadlessChrome.HeadlessChrome(TC10_HeadlessChrome.java:15)
at tests.TC10_HeadlessChrome.HeadlessChrome(TC10_HeadlessChrome.java:15)
at tests.TC10_HeadlessChrome.HeadlessChrome(TC10_HeadlessChrome.java:15)
at tests.TC10_HeadlessChrome.HeadlessChrome(TC10_HeadlessChrome.java:15)
at tests.TC10_HeadlessChrome.HeadlessChrome(TC10_HeadlessChrome.java:15)
at tests.TC10_HeadlessChrome.HeadlessChrome(TC10_HeadlessChrome.java:15)
at tests.TC10_HeadlessChrome.HeadlessChrome(TC10_HeadlessChrome.java:15)
at tests.TC10_HeadlessChrome.HeadlessChrome(TC10_HeadlessChrome.java:15)
at tests.TC10_HeadlessChrome.HeadlessChrome(TC10_HeadlessChrome.java:15)
at tests.TC10_HeadlessChrome.HeadlessChrome(TC10_HeadlessChrome.java:15)
at tests.TC10_HeadlessChrome.HeadlessChrome(TC10_HeadlessChrome.java:15)
at tests.TC10_HeadlessChrome.HeadlessChrome(TC10_HeadlessChrome.java:15)
at tests.TC10_HeadlessChrome.HeadlessChrome(TC10_HeadlessChrome.java:15)
at tests.TC10_HeadlessChrome.HeadlessChrome(TC10_HeadlessChrome.java:15)
at tests.TC10_HeadlessChrome.HeadlessChrome(TC10_HeadlessChrome.java:15)
at tests.TC10_HeadlessChrome.HeadlessChrome(TC10_HeadlessChrome.java:15)
at tests.TC10_HeadlessChrome.HeadlessChrome(TC10_HeadlessChrome.java:15)
at tests.TC10_HeadlessChrome.HeadlessChrome(TC10_HeadlessChrome.java:15)
at tests.TC10_HeadlessChrome.HeadlessChrome(TC10_HeadlessChrome.java:15)
at tests.TC10_HeadlessChrome.HeadlessChrome(TC10_HeadlessChrome.java:15)
at tests.TC10_HeadlessChrome.HeadlessChrome(TC10_HeadlessChrome.java:15)
at tests.TC10_HeadlessChrome.HeadlessChrome(TC10_HeadlessChrome.java:15)
at tests.TC10_HeadlessChrome.HeadlessChrome(TC10_HeadlessChrome.java:15)
at tests.TC10_HeadlessChrome.HeadlessChrome(TC10_HeadlessChrome.java:15)
at tests.TC10_HeadlessChrome.HeadlessChrome(TC10_HeadlessChrome.java:15)
at tests.TC10_HeadlessChrome.HeadlessChrome(TC10_HeadlessChrome.java:15)
at tests.TC10_HeadlessChrome.HeadlessChrome(TC10_HeadlessChrome.java:15)
at tests.TC10_HeadlessChrome.HeadlessChrome(TC10_HeadlessChrome.java:15)
at tests.TC10_HeadlessChrome.HeadlessChrome(TC10_HeadlessChrome.java:15)
at tests.TC10_HeadlessChrome.HeadlessChrome(TC10_HeadlessChrome.java:15)
at tests.TC10_HeadlessChrome.HeadlessChrome(TC10_HeadlessChrome.java:15)
at tests.TC10_HeadlessChrome.HeadlessChrome(TC10_HeadlessChrome.java:15)
at tests.TC10_HeadlessChrome.HeadlessChrome(TC10_HeadlessChrome.java:15)
at tests.TC10_HeadlessChrome.HeadlessChrome(TC10_HeadlessChrome.java:15)
at tests.TC10_HeadlessChrome.HeadlessChrome(TC10_HeadlessChrome.java:15)
at tests.TC10_HeadlessChrome.HeadlessChrome(TC10_HeadlessChrome.java:15)
at tests.TC10_HeadlessChrome.HeadlessChrome(TC10_HeadlessChrome.java:15)
at tests.TC10_HeadlessChrome.HeadlessChrome(TC10_HeadlessChrome.java:15)
at tests.TC10_HeadlessChrome.HeadlessChrome(TC10_HeadlessChrome.java:15)
at tests.TC10_HeadlessChrome.HeadlessChrome(TC10_HeadlessChrome.java:15)
at tests.TC10_HeadlessChrome.HeadlessChrome(TC10_HeadlessChrome.java:15)
at tests.TC10_HeadlessChrome.HeadlessChrome(TC10_HeadlessChrome.java:15)
at tests.TC10_HeadlessChrome.HeadlessChrome(TC10_HeadlessChrome.java:15)
at tests.TC10_HeadlessChrome.HeadlessChrome(TC10_HeadlessChrome.java:15)
at tests.TC10_HeadlessChrome.HeadlessChrome(TC10_HeadlessChrome.java:15)
at tests.TC10_HeadlessChrome.HeadlessChrome(TC10_HeadlessChrome.java:15)
at tests.TC10_HeadlessChrome.HeadlessChrome(TC10_HeadlessChrome.java:15)
at tests.TC10_HeadlessChrome.HeadlessChrome(TC10_HeadlessChrome.java:15)
at tests.TC10_HeadlessChrome.HeadlessChrome(TC10_HeadlessChrome.java:15)
at tests.TC10_HeadlessChrome.HeadlessChrome(TC10_HeadlessChrome.java:15)
at tests.TC10_HeadlessChrome.HeadlessChrome(TC10_HeadlessChrome.java:15)
at tests.TC10_HeadlessChrome.HeadlessChrome(TC10_HeadlessChrome.java:15)
at tests.TC10_HeadlessChrome.HeadlessChrome(TC10_HeadlessChrome.java:15)
at tests.TC10_HeadlessChrome.HeadlessChrome(TC10_HeadlessChrome.java:15)
at tests.TC10_HeadlessChrome.HeadlessChrome(TC10_HeadlessChrome.java:15)
at tests.TC10_HeadlessChrome.HeadlessChrome(TC10_HeadlessChrome.java:15)
at tests.TC10_HeadlessChrome.HeadlessChrome(TC10_HeadlessChrome.java:15)
at tests.TC10_HeadlessChrome.HeadlessChrome(TC10_HeadlessChrome.java:15)
at tests.TC10_HeadlessChrome.HeadlessChrome(TC10_HeadlessChrome.java:15)
at tests.TC10_HeadlessChrome.HeadlessChrome(TC10_HeadlessChrome.java:15)
at tests.TC10_HeadlessChrome.HeadlessChrome(TC10_HeadlessChrome.java:15)
at tests.TC10_HeadlessChrome.HeadlessChrome(TC10_HeadlessChrome.java:15)
at tests.TC10_HeadlessChrome.HeadlessChrome(TC10_HeadlessChrome.java:15)
at tests.TC10_HeadlessChrome.HeadlessChrome(TC10_HeadlessChrome.java:15)
at tests.TC10_HeadlessChrome.HeadlessChrome(TC10_HeadlessChrome.java:15)
at tests.TC10_HeadlessChrome.HeadlessChrome(TC10_HeadlessChrome.java:15)
at tests.TC10_HeadlessChrome.HeadlessChrome(TC10_HeadlessChrome.java:15)
at tests.TC10_HeadlessChrome.HeadlessChrome(TC10_HeadlessChrome.java:15)
at tests.TC10_HeadlessChrome.HeadlessChrome(TC10_HeadlessChrome.java:15)
at tests.TC10_HeadlessChrome.HeadlessChrome(TC10_HeadlessChrome.java:15)
at tests.TC10_HeadlessChrome.HeadlessChrome(TC10_HeadlessChrome.java:15)
at tests.TC10_HeadlessChrome.HeadlessChrome(TC10_HeadlessChrome.java:15)
at tests.TC10_HeadlessChrome.HeadlessChrome(TC10_HeadlessChrome.java:15)
at tests.TC10_HeadlessChrome.HeadlessChrome(TC10_HeadlessChrome.java:15)
at tests.TC10_HeadlessChrome.HeadlessChrome(TC10_HeadlessChrome.java:15)
at tests.TC10_HeadlessChrome.HeadlessChrome(TC10_HeadlessChrome.java:15)
at tests.TC10_HeadlessChrome.HeadlessChrome(TC10_HeadlessChrome.java:15)
at tests.TC10_HeadlessChrome.HeadlessChrome(TC10_HeadlessChrome.java:15)
at tests.TC10_HeadlessChrome.HeadlessChrome(TC10_HeadlessChrome.java:15)
at tests.TC10_HeadlessChrome.HeadlessChrome(TC10_HeadlessChrome.java:15)
at tests.TC10_HeadlessChrome.HeadlessChrome(TC10_HeadlessChrome.java:15)
at tests.TC10_HeadlessChrome.HeadlessChrome(TC10_HeadlessChrome.java:15)
at tests.TC10_HeadlessChrome.HeadlessChrome(TC10_HeadlessChrome.java:15)
at tests.TC10_HeadlessChrome.HeadlessChrome(TC10_HeadlessChrome.java:15)
at tests.TC10_HeadlessChrome.HeadlessChrome(TC10_HeadlessChrome.java:15)
at tests.TC10_HeadlessChrome.HeadlessChrome(TC10_HeadlessChrome.java:15)
at tests.TC10_HeadlessChrome.HeadlessChrome(TC10_HeadlessChrome.java:15)
at tests.TC10_HeadlessChrome.HeadlessChrome(TC10_HeadlessChrome.java:15)
at tests.TC10_HeadlessChrome.HeadlessChrome(TC10_HeadlessChrome.java:15)
at tests.TC10_HeadlessChrome.HeadlessChrome(TC10_HeadlessChrome.java:15)
at tests.TC10_HeadlessChrome.HeadlessChrome(TC10_HeadlessChrome.java:15)
at tests.TC10_HeadlessChrome.HeadlessChrome(TC10_HeadlessChrome.java:15)
at tests.TC10_HeadlessChrome.HeadlessChrome(TC10_HeadlessChrome.java:15)
at tests.TC10_HeadlessChrome.HeadlessChrome(TC10_HeadlessChrome.java:15)
at tests.TC10_HeadlessChrome.HeadlessChrome(TC10_HeadlessChrome.java:15)
at tests.TC10_HeadlessChrome.HeadlessChrome(TC10_HeadlessChrome.java:15)
at tests.TC10_HeadlessChrome.HeadlessChrome(TC10_HeadlessChrome.java:15)
at tests.TC10_HeadlessChrome.HeadlessChrome(TC10_HeadlessChrome.java:15)
at tests.TC10_HeadlessChrome.HeadlessChrome(TC10_HeadlessChrome.java:15)
at tests.TC10_HeadlessChrome.HeadlessChrome(TC10_HeadlessChrome.java:15)
at tests.TC10_HeadlessChrome.HeadlessChrome(TC10_HeadlessChrome.java:15)
at tests.TC10_HeadlessChrome.HeadlessChrome(TC10_HeadlessChrome.java:15)
at tests.TC10_HeadlessChrome.HeadlessChrome(TC10_HeadlessChrome.java:15)
at tests.TC10_HeadlessChrome.HeadlessChrome(TC10_HeadlessChrome.java:15)
at tests.TC10_HeadlessChrome.HeadlessChrome(TC10_HeadlessChrome.java:15)
at tests.TC10_HeadlessChrome.HeadlessChrome(TC10_HeadlessChrome.java:15)
at tests.TC10_HeadlessChrome.HeadlessChrome(TC10_HeadlessChrome.java:15)
at tests.TC10_HeadlessChrome.HeadlessChrome(TC10_HeadlessChrome.java:15)
at tests.TC10_HeadlessChrome.HeadlessChrome(TC10_HeadlessChrome.java:15)
at tests.TC10_HeadlessChrome.HeadlessChrome(TC10_HeadlessChrome.java:15)
at tests.TC10_HeadlessChrome.HeadlessChrome(TC10_HeadlessChrome.java:15)
at tests.TC10_HeadlessChrome.HeadlessChrome(TC10_HeadlessChrome.java:15)
at tests.TC10_HeadlessChrome.HeadlessChrome(TC10_HeadlessChrome.java:15)
at tests.TC10_HeadlessChrome.HeadlessChrome(TC10_HeadlessChrome.java:15)
at tests.TC10_HeadlessChrome.HeadlessChrome(TC10_HeadlessChrome.java:15)
at tests.TC10_HeadlessChrome.HeadlessChrome(TC10_HeadlessChrome.java:15)
at tests.TC10_HeadlessChrome.HeadlessChrome(TC10_HeadlessChrome.java:15)
at tests.TC10_HeadlessChrome.HeadlessChrome(TC10_HeadlessChrome.java:15)
at tests.TC10_HeadlessChrome.HeadlessChrome(TC10_HeadlessChrome.java:15)
at tests.TC10_HeadlessChrome.HeadlessChrome(TC10_HeadlessChrome.java:15)
at tests.TC10_HeadlessChrome.HeadlessChrome(TC10_HeadlessChrome.java:15)
at tests.TC10_HeadlessChrome.HeadlessChrome(TC10_HeadlessChrome.java:15)
at tests.TC10_HeadlessChrome.HeadlessChrome(TC10_HeadlessChrome.java:15)
at tests.TC10_HeadlessChrome.HeadlessChrome(TC10_HeadlessChrome.java:15)
at tests.TC10_HeadlessChrome.HeadlessChrome(TC10_HeadlessChrome.java:15)
at tests.TC10_HeadlessChrome.HeadlessChrome(TC10_HeadlessChrome.java:15)
at tests.TC10_HeadlessChrome.HeadlessChrome(TC10_HeadlessChrome.java:15)
at tests.TC10_HeadlessChrome.HeadlessChrome(TC10_HeadlessChrome.java:15)
at tests.TC10_HeadlessChrome.HeadlessChrome(TC10_HeadlessChrome.java:15)
at tests.TC10_HeadlessChrome.HeadlessChrome(TC10_HeadlessChrome.java:15)
at tests.TC10_HeadlessChrome.HeadlessChrome(TC10_HeadlessChrome.java:15)
at tests.TC10_HeadlessChrome.HeadlessChrome(TC10_HeadlessChrome.java:15)
at tests.TC10_HeadlessChrome.HeadlessChrome(TC10_HeadlessChrome.java:15)
at tests.TC10_HeadlessChrome.HeadlessChrome(TC10_HeadlessChrome.java:15)
at tests.TC10_HeadlessChrome.HeadlessChrome(TC10_HeadlessChrome.java:15)
at tests.TC10_HeadlessChrome.HeadlessChrome(TC10_HeadlessChrome.java:15)
at tests.TC10_HeadlessChrome.HeadlessChrome(TC10_HeadlessChrome.java:15)
at tests.TC10_HeadlessChrome.HeadlessChrome(TC10_HeadlessChrome.java:15)
at tests.TC10_HeadlessChrome.HeadlessChrome(TC10_HeadlessChrome.java:15)
at tests.TC10_HeadlessChrome.HeadlessChrome(TC10_HeadlessChrome.java:15)
at tests.TC10_HeadlessChrome.HeadlessChrome(TC10_HeadlessChrome.java:15)
at tests.TC10_HeadlessChrome.HeadlessChrome(TC10_HeadlessChrome.java:15)
at tests.TC10_HeadlessChrome.HeadlessChrome(TC10_HeadlessChrome.java:15)
at tests.TC10_HeadlessChrome.HeadlessChrome(TC10_HeadlessChrome.java:15)
at tests.TC10_HeadlessChrome.HeadlessChrome(TC10_HeadlessChrome.java:15)
at tests.TC10_HeadlessChrome.HeadlessChrome(TC10_HeadlessChrome.java:15)
at tests.TC10_HeadlessChrome.HeadlessChrome(TC10_HeadlessChrome.java:15)
at tests.TC10_HeadlessChrome.HeadlessChrome(TC10_HeadlessChrome.java:15)
at tests.TC10_HeadlessChrome.HeadlessChrome(TC10_HeadlessChrome.java:15)
at tests.TC10_HeadlessChrome.HeadlessChrome(TC10_HeadlessChrome.java:15)
at tests.TC10_HeadlessChrome.HeadlessChrome(TC10_HeadlessChrome.java:15)
at tests.TC10_HeadlessChrome.HeadlessChrome(TC10_HeadlessChrome.java:15)
at tests.TC10_HeadlessChrome.HeadlessChrome(TC10_HeadlessChrome.java:15)
at tests.TC10_HeadlessChrome.HeadlessChrome(TC10_HeadlessChrome.java:15)
at tests.TC10_HeadlessChrome.HeadlessChrome(TC10_HeadlessChrome.java:15)
at tests.TC10_HeadlessChrome.HeadlessChrome(TC10_HeadlessChrome.java:15)
at tests.TC10_HeadlessChrome.HeadlessChrome(TC10_HeadlessChrome.java:15)
at tests.TC10_HeadlessChrome.HeadlessChrome(TC10_HeadlessChrome.java:15)
at tests.TC10_HeadlessChrome.HeadlessChrome(TC10_HeadlessChrome.java:15)
at tests.TC10_HeadlessChrome.HeadlessChrome(TC10_HeadlessChrome.java:15)
at tests.TC10_HeadlessChrome.HeadlessChrome(TC10_HeadlessChrome.java:15)
at tests.TC10_HeadlessChrome.HeadlessChrome(TC10_HeadlessChrome.java:15)
at tests.TC10_HeadlessChrome.HeadlessChrome(TC10_HeadlessChrome.java:15)
at tests.TC10_HeadlessChrome.HeadlessChrome(TC10_HeadlessChrome.java:15)
at tests.TC10_HeadlessChrome.HeadlessChrome(TC10_HeadlessChrome.java:15)
at tests.TC10_HeadlessChrome.HeadlessChrome(TC10_HeadlessChrome.java:15)
at tests.TC10_HeadlessChrome.HeadlessChrome(TC10_HeadlessChrome.java:15)
at tests.TC10_HeadlessChrome.HeadlessChrome(TC10_HeadlessChrome.java:15)
at tests.TC10_HeadlessChrome.HeadlessChrome(TC10_HeadlessChrome.java:15)
at tests.TC10_HeadlessChrome.HeadlessChrome(TC10_HeadlessChrome.java:15)
at tests.TC10_HeadlessChrome.HeadlessChrome(TC10_HeadlessChrome.java:15)
at tests.TC10_HeadlessChrome.HeadlessChrome(TC10_HeadlessChrome.java:15)
at tests.TC10_HeadlessChrome.HeadlessChrome(TC10_HeadlessChrome.java:15)
at tests.TC10_HeadlessChrome.HeadlessChrome(TC10_HeadlessChrome.java:15)
at tests.TC10_HeadlessChrome.HeadlessChrome(TC10_HeadlessChrome.java:15)
at tests.TC10_HeadlessChrome.HeadlessChrome(TC10_HeadlessChrome.java:15)
at tests.TC10_HeadlessChrome.HeadlessChrome(TC10_HeadlessChrome.java:15)
at tests.TC10_HeadlessChrome.HeadlessChrome(TC10_HeadlessChrome.java:15)
at tests.TC10_HeadlessChrome.HeadlessChrome(TC10_HeadlessChrome.java:15)
at tests.TC10_HeadlessChrome.HeadlessChrome(TC10_HeadlessChrome.java:15)
at tests.TC10_HeadlessChrome.HeadlessChrome(TC10_HeadlessChrome.java:15)
at tests.TC10_HeadlessChrome.HeadlessChrome(TC10_HeadlessChrome.java:15)
at tests.TC10_HeadlessChrome.HeadlessChrome(TC10_HeadlessChrome.java:15)
at tests.TC10_HeadlessChrome.HeadlessChrome(TC10_HeadlessChrome.java:15)
at tests.TC10_HeadlessChrome.HeadlessChrome(TC10_HeadlessChrome.java:15)
at tests.TC10_HeadlessChrome.HeadlessChrome(TC10_HeadlessChrome.java:15)
at tests.TC10_HeadlessChrome.HeadlessChrome(TC10_HeadlessChrome.java:15)
at tests.TC10_HeadlessChrome.HeadlessChrome(TC10_HeadlessChrome.java:15)
at tests.TC10_HeadlessChrome.HeadlessChrome(TC10_HeadlessChrome.java:15)
at tests.TC10_HeadlessChrome.HeadlessChrome(TC10_HeadlessChrome.java:15)
at tests.TC10_HeadlessChrome.HeadlessChrome(TC10_HeadlessChrome.java:15)
at tests.TC10_HeadlessChrome.HeadlessChrome(TC10_HeadlessChrome.java:15)
at tests.TC10_HeadlessChrome.HeadlessChrome(TC10_HeadlessChrome.java:15)
at tests.TC10_HeadlessChrome.HeadlessChrome(TC10_HeadlessChrome.java:15)
at tests.TC10_HeadlessChrome.HeadlessChrome(TC10_HeadlessChrome.java:15)
at tests.TC10_HeadlessChrome.HeadlessChrome(TC10_HeadlessChrome.java:15)
at tests.TC10_HeadlessChrome.HeadlessChrome(TC10_HeadlessChrome.java:15)
at tests.TC10_HeadlessChrome.HeadlessChrome(TC10_HeadlessChrome.java:15)
at tests.TC10_HeadlessChrome.HeadlessChrome(TC10_HeadlessChrome.java:15)
at tests.TC10_HeadlessChrome.HeadlessChrome(TC10_HeadlessChrome.java:15)
at tests.TC10_HeadlessChrome.HeadlessChrome(TC10_HeadlessChrome.java:15)
at tests.TC10_HeadlessChrome.HeadlessChrome(TC10_HeadlessChrome.java:15)
at tests.TC10_HeadlessChrome.HeadlessChrome(TC10_HeadlessChrome.java:15)
at tests.TC10_HeadlessChrome.HeadlessChrome(TC10_HeadlessChrome.java:15)
at tests.TC10_HeadlessChrome.HeadlessChrome(TC10_HeadlessChrome.java:15)
at tests.TC10_HeadlessChrome.HeadlessChrome(TC10_HeadlessChrome.java:15)
at tests.TC10_HeadlessChrome.HeadlessChrome(TC10_HeadlessChrome.java:15)
at tests.TC10_HeadlessChrome.HeadlessChrome(TC10_HeadlessChrome.java:15)
at tests.TC10_HeadlessChrome.HeadlessChrome(TC10_HeadlessChrome.java:15)
at tests.TC10_HeadlessChrome.HeadlessChrome(TC10_HeadlessChrome.java:15)
at tests.TC10_HeadlessChrome.HeadlessChrome(TC10_HeadlessChrome.java:15)
at tests.TC10_HeadlessChrome.HeadlessChrome(TC10_HeadlessChrome.java:15)
at tests.TC10_HeadlessChrome.HeadlessChrome(TC10_HeadlessChrome.java:15)
at tests.TC10_HeadlessChrome.HeadlessChrome(TC10_HeadlessChrome.java:15)
at tests.TC10_HeadlessChrome.HeadlessChrome(TC10_HeadlessChrome.java:15)
at tests.TC10_HeadlessChrome.HeadlessChrome(TC10_HeadlessChrome.java:15)
at tests.TC10_HeadlessChrome.HeadlessChrome(TC10_HeadlessChrome.java:15)
at tests.TC10_HeadlessChrome.HeadlessChrome(TC10_HeadlessChrome.java:15)
at tests.TC10_HeadlessChrome.HeadlessChrome(TC10_HeadlessChrome.java:15)
at tests.TC10_HeadlessChrome.HeadlessChrome(TC10_HeadlessChrome.java:15)
at tests.TC10_HeadlessChrome.HeadlessChrome(TC10_HeadlessChrome.java:15)
at tests.TC10_HeadlessChrome.HeadlessChrome(TC10_HeadlessChrome.java:15)
at tests.TC10_HeadlessChrome.HeadlessChrome(TC10_HeadlessChrome.java:15)
at tests.TC10_HeadlessChrome.HeadlessChrome(TC10_HeadlessChrome.java:15)
at tests.TC10_HeadlessChrome.HeadlessChrome(TC10_HeadlessChrome.java:15)
at tests.TC10_HeadlessChrome.HeadlessChrome(TC10_HeadlessChrome.java:15)
at tests.TC10_HeadlessChrome.HeadlessChrome(TC10_HeadlessChrome.java:15)
at tests.TC10_HeadlessChrome.HeadlessChrome(TC10_HeadlessChrome.java:15)
at tests.TC10_HeadlessChrome.HeadlessChrome(TC10_HeadlessChrome.java:15)
at tests.TC10_HeadlessChrome.HeadlessChrome(TC10_HeadlessChrome.java:15)
at tests.TC10_HeadlessChrome.HeadlessChrome(TC10_HeadlessChrome.java:15)
at tests.TC10_HeadlessChrome.HeadlessChrome(TC10_HeadlessChrome.java:15)
at tests.TC10_HeadlessChrome.HeadlessChrome(TC10_HeadlessChrome.java:15)
at tests.TC10_HeadlessChrome.HeadlessChrome(TC10_HeadlessChrome.java:15)
at tests.TC10_HeadlessChrome.HeadlessChrome(TC10_HeadlessChrome.java:15)
at tests.TC10_HeadlessChrome.HeadlessChrome(TC10_HeadlessChrome.java:15)
at tests.TC10_HeadlessChrome.HeadlessChrome(TC10_HeadlessChrome.java:15)
at tests.TC10_HeadlessChrome.HeadlessChrome(TC10_HeadlessChrome.java:15)
at tests.TC10_HeadlessChrome.HeadlessChrome(TC10_HeadlessChrome.java:15)
at tests.TC10_HeadlessChrome.HeadlessChrome(TC10_HeadlessChrome.java:15)
at tests.TC10_HeadlessChrome.HeadlessChrome(TC10_HeadlessChrome.java:15)
at tests.TC10_HeadlessChrome.HeadlessChrome(TC10_HeadlessChrome.java:15)
at tests.TC10_HeadlessChrome.HeadlessChrome(TC10_HeadlessChrome.java:15)
at tests.TC10_HeadlessChrome.HeadlessChrome(TC10_HeadlessChrome.java:15)
at tests.TC10_HeadlessChrome.HeadlessChrome(TC10_HeadlessChrome.java:15)
at tests.TC10_HeadlessChrome.HeadlessChrome(TC10_HeadlessChrome.java:15)
at tests.TC10_HeadlessChrome.HeadlessChrome(TC10_HeadlessChrome.java:15)
at tests.TC10_HeadlessChrome.HeadlessChrome(TC10_HeadlessChrome.java:15)
at tests.TC10_HeadlessChrome.HeadlessChrome(TC10_HeadlessChrome.java:15)
at tests.TC10_HeadlessChrome.HeadlessChrome(TC10_HeadlessChrome.java:15)
at tests.TC10_HeadlessChrome.HeadlessChrome(TC10_HeadlessChrome.java:15)
at tests.TC10_HeadlessChrome.HeadlessChrome(TC10_HeadlessChrome.java:15)
at tests.TC10_HeadlessChrome.HeadlessChrome(TC10_HeadlessChrome.java:15)
at tests.TC10_HeadlessChrome.HeadlessChrome(TC10_HeadlessChrome.java:15)
at tests.TC10_HeadlessChrome.HeadlessChrome(TC10_HeadlessChrome.java:15)
at tests.TC10_HeadlessChrome.HeadlessChrome(TC10_HeadlessChrome.java:15)
at tests.TC10_HeadlessChrome.HeadlessChrome(TC10_HeadlessChrome.java:15)
at tests.TC10_HeadlessChrome.HeadlessChrome(TC10_HeadlessChrome.java:15)
at tests.TC10_HeadlessChrome.HeadlessChrome(TC10_HeadlessChrome.java:15)
at tests.TC10_HeadlessChrome.HeadlessChrome(TC10_HeadlessChrome.java:15)
at tests.TC10_HeadlessChrome.HeadlessChrome(TC10_HeadlessChrome.java:15)
at tests.TC10_HeadlessChrome.HeadlessChrome(TC10_HeadlessChrome.java:15)
at tests.TC10_HeadlessChrome.HeadlessChrome(TC10_HeadlessChrome.java:15)
at tests.TC10_HeadlessChrome.HeadlessChrome(TC10_HeadlessChrome.java:15)
at tests.TC10_HeadlessChrome.HeadlessChrome(TC10_HeadlessChrome.java:15)
at tests.TC10_HeadlessChrome.HeadlessChrome(TC10_HeadlessChrome.java:15)
at tests.TC10_HeadlessChrome.HeadlessChrome(TC10_HeadlessChrome.java:15)
at tests.TC10_HeadlessChrome.HeadlessChrome(TC10_HeadlessChrome.java:15)
at tests.TC10_HeadlessChrome.HeadlessChrome(TC10_HeadlessChrome.java:15)
at tests.TC10_HeadlessChrome.HeadlessChrome(TC10_HeadlessChrome.java:15)
at tests.TC10_HeadlessChrome.HeadlessChrome(TC10_HeadlessChrome.java:15)
at tests.TC10_HeadlessChrome.HeadlessChrome(TC10_HeadlessChrome.java:15)
at tests.TC10_HeadlessChrome.HeadlessChrome(TC10_HeadlessChrome.java:15)
at tests.TC10_HeadlessChrome.HeadlessChrome(TC10_HeadlessChrome.java:15)
at tests.TC10_HeadlessChrome.HeadlessChrome(TC10_HeadlessChrome.java:15)
at tests.TC10_HeadlessChrome.HeadlessChrome(TC10_HeadlessChrome.java:15)
at tests.TC10_HeadlessChrome.HeadlessChrome(TC10_HeadlessChrome.java:15)
at tests.TC10_HeadlessChrome.HeadlessChrome(TC10_HeadlessChrome.java:15)
at tests.TC10_HeadlessChrome.HeadlessChrome(TC10_HeadlessChrome.java:15)
at tests.TC10_HeadlessChrome.HeadlessChrome(TC10_HeadlessChrome.java:15)
at tests.TC10_HeadlessChrome.HeadlessChrome(TC10_HeadlessChrome.java:15)
at tests.TC10_HeadlessChrome.HeadlessChrome(TC10_HeadlessChrome.java:15)
at tests.TC10_HeadlessChrome.HeadlessChrome(TC10_HeadlessChrome.java:15)
at tests.TC10_HeadlessChrome.HeadlessChrome(TC10_HeadlessChrome.java:15)
at tests.TC10_HeadlessChrome.HeadlessChrome(TC10_HeadlessChrome.java:15)
at tests.TC10_HeadlessChrome.HeadlessChrome(TC10_HeadlessChrome.java:15)
at tests.TC10_HeadlessChrome.HeadlessChrome(TC10_HeadlessChrome.java:15)
at tests.TC10_HeadlessChrome.HeadlessChrome(TC10_HeadlessChrome.java:15)
at tests.TC10_HeadlessChrome.HeadlessChrome(TC10_HeadlessChrome.java:15)
at tests.TC10_HeadlessChrome.HeadlessChrome(TC10_HeadlessChrome.java:15)
at tests.TC10_HeadlessChrome.HeadlessChrome(TC10_HeadlessChrome.java:15)
at tests.TC10_HeadlessChrome.HeadlessChrome(TC10_HeadlessChrome.java:15)
at tests.TC10_HeadlessChrome.HeadlessChrome(TC10_HeadlessChrome.java:15)
at tests.TC10_HeadlessChrome.HeadlessChrome(TC10_HeadlessChrome.java:15)
at tests.TC10_HeadlessChrome.HeadlessChrome(TC10_HeadlessChrome.java:15)
at tests.TC10_HeadlessChrome.HeadlessChrome(TC10_HeadlessChrome.java:15)
at tests.TC10_HeadlessChrome.HeadlessChrome(TC10_HeadlessChrome.java:15)
at tests.TC10_HeadlessChrome.HeadlessChrome(TC10_HeadlessChrome.java:15)
at tests.TC10_HeadlessChrome.HeadlessChrome(TC10_HeadlessChrome.java:15)
at tests.TC10_HeadlessChrome.HeadlessChrome(TC10_HeadlessChrome.java:15)
at tests.TC10_HeadlessChrome.HeadlessChrome(TC10_HeadlessChrome.java:15)
at tests.TC10_HeadlessChrome.HeadlessChrome(TC10_HeadlessChrome.java:15)
at tests.TC10_HeadlessChrome.HeadlessChrome(TC10_HeadlessChrome.java:15)
at tests.TC10_HeadlessChrome.HeadlessChrome(TC10_HeadlessChrome.java:15)
at tests.TC10_HeadlessChrome.HeadlessChrome(TC10_HeadlessChrome.java:15)
at tests.TC10_HeadlessChrome.HeadlessChrome(TC10_HeadlessChrome.java:15)
at tests.TC10_HeadlessChrome.HeadlessChrome(TC10_HeadlessChrome.java:15)
at tests.TC10_HeadlessChrome.HeadlessChrome(TC10_HeadlessChrome.java:15)
at tests.TC10_HeadlessChrome.HeadlessChrome(TC10_HeadlessChrome.java:15)
at tests.TC10_HeadlessChrome.HeadlessChrome(TC10_HeadlessChrome.java:15)
at tests.TC10_HeadlessChrome.HeadlessChrome(TC10_HeadlessChrome.java:15)
at tests.TC10_HeadlessChrome.HeadlessChrome(TC10_HeadlessChrome.java:15)
at tests.TC10_HeadlessChrome.HeadlessChrome(TC10_HeadlessChrome.java:15)
at tests.TC10_HeadlessChrome.HeadlessChrome(TC10_HeadlessChrome.java:15)
at tests.TC10_HeadlessChrome.HeadlessChrome(TC10_HeadlessChrome.java:15)
at tests.TC10_HeadlessChrome.HeadlessChrome(TC10_HeadlessChrome.java:15)
at tests.TC10_HeadlessChrome.HeadlessChrome(TC10_HeadlessChrome.java:15)
at tests.TC10_HeadlessChrome.HeadlessChrome(TC10_HeadlessChrome.java:15)
at tests.TC10_HeadlessChrome.HeadlessChrome(TC10_HeadlessChrome.java:15)
at tests.TC10_HeadlessChrome.HeadlessChrome(TC10_HeadlessChrome.java:15)
at tests.TC10_HeadlessChrome.HeadlessChrome(TC10_HeadlessChrome.java:15)
at tests.TC10_HeadlessChrome.HeadlessChrome(TC10_HeadlessChrome.java:15)
at tests.TC10_HeadlessChrome.HeadlessChrome(TC10_HeadlessChrome.java:15)
at tests.TC10_HeadlessChrome.HeadlessChrome(TC10_HeadlessChrome.java:15)
at tests.TC10_HeadlessChrome.HeadlessChrome(TC10_HeadlessChrome.java:15)
at tests.TC10_HeadlessChrome.HeadlessChrome(TC10_HeadlessChrome.java:15)
at tests.TC10_HeadlessChrome.HeadlessChrome(TC10_HeadlessChrome.java:15)
at tests.TC10_HeadlessChrome.HeadlessChrome(TC10_HeadlessChrome.java:15)
at tests.TC10_HeadlessChrome.HeadlessChrome(TC10_HeadlessChrome.java:15)
at tests.TC10_HeadlessChrome.HeadlessChrome(TC10_HeadlessChrome.java:15)
at tests.TC10_HeadlessChrome.HeadlessChrome(TC10_HeadlessChrome.java:15)
at tests.TC10_HeadlessChrome.HeadlessChrome(TC10_HeadlessChrome.java:15)
at tests.TC10_HeadlessChrome.HeadlessChrome(TC10_HeadlessChrome.java:15)
at tests.TC10_HeadlessChrome.HeadlessChrome(TC10_HeadlessChrome.java:15)
at tests.TC10_HeadlessChrome.HeadlessChrome(TC10_HeadlessChrome.java:15)
at tests.TC10_HeadlessChrome.HeadlessChrome(TC10_HeadlessChrome.java:15)
at tests.TC10_HeadlessChrome.HeadlessChrome(TC10_HeadlessChrome.java:15)
at tests.TC10_HeadlessChrome.HeadlessChrome(TC10_HeadlessChrome.java:15)
at tests.TC10_HeadlessChrome.HeadlessChrome(TC10_HeadlessChrome.java:15)
at tests.TC10_HeadlessChrome.HeadlessChrome(TC10_HeadlessChrome.java:15)
at tests.TC10_HeadlessChrome.HeadlessChrome(TC10_HeadlessChrome.java:15)
at tests.TC10_HeadlessChrome.HeadlessChrome(TC10_HeadlessChrome.java:15)
at tests.TC10_HeadlessChrome.HeadlessChrome(TC10_HeadlessChrome.java:15)
at tests.TC10_HeadlessChrome.HeadlessChrome(TC10_HeadlessChrome.java:15)
at tests.TC10_HeadlessChrome.HeadlessChrome(TC10_HeadlessChrome.java:15)
at tests.TC10_HeadlessChrome.HeadlessChrome(TC10_HeadlessChrome.java:15)
at tests.TC10_HeadlessChrome.HeadlessChrome(TC10_HeadlessChrome.java:15)
at tests.TC10_HeadlessChrome.HeadlessChrome(TC10_HeadlessChrome.java:15)
at tests.TC10_HeadlessChrome.HeadlessChrome(TC10_HeadlessChrome.java:15)
at tests.TC10_HeadlessChrome.HeadlessChrome(TC10_HeadlessChrome.java:15)
at tests.TC10_HeadlessChrome.HeadlessChrome(TC10_HeadlessChrome.java:15)
at tests.TC10_HeadlessChrome.HeadlessChrome(TC10_HeadlessChrome.java:15)
at tests.TC10_HeadlessChrome.HeadlessChrome(TC10_HeadlessChrome.java:15)
at tests.TC10_HeadlessChrome.HeadlessChrome(TC10_HeadlessChrome.java:15)
at tests.TC10_HeadlessChrome.HeadlessChrome(TC10_HeadlessChrome.java:15)
at tests.TC10_HeadlessChrome.HeadlessChrome(TC10_HeadlessChrome.java:15)
at tests.TC10_HeadlessChrome.HeadlessChrome(TC10_HeadlessChrome.java:15)
at tests.TC10_HeadlessChrome.HeadlessChrome(TC10_HeadlessChrome.java:15)
at tests.TC10_HeadlessChrome.HeadlessChrome(TC10_HeadlessChrome.java:15)
at tests.TC10_HeadlessChrome.HeadlessChrome(TC10_HeadlessChrome.java:15)
at tests.TC10_HeadlessChrome.HeadlessChrome(TC10_HeadlessChrome.java:15)
at tests.TC10_HeadlessChrome.HeadlessChrome(TC10_HeadlessChrome.java:15)
at tests.TC10_HeadlessChrome.HeadlessChrome(TC10_HeadlessChrome.java:15)
at tests.TC10_HeadlessChrome.HeadlessChrome(TC10_HeadlessChrome.java:15)
at tests.TC10_HeadlessChrome.HeadlessChrome(TC10_HeadlessChrome.java:15)
at tests.TC10_HeadlessChrome.HeadlessChrome(TC10_HeadlessChrome.java:15)
at tests.TC10_HeadlessChrome.HeadlessChrome(TC10_HeadlessChrome.java:15)
at tests.TC10_HeadlessChrome.HeadlessChrome(TC10_HeadlessChrome.java:15)
at tests.TC10_HeadlessChrome.HeadlessChrome(TC10_HeadlessChrome.java:15)
at tests.TC10_HeadlessChrome.HeadlessChrome(TC10_HeadlessChrome.java:15)
at tests.TC10_HeadlessChrome.HeadlessChrome(TC10_HeadlessChrome.java:15)
at tests.TC10_HeadlessChrome.HeadlessChrome(TC10_HeadlessChrome.java:15)
at tests.TC10_HeadlessChrome.HeadlessChrome(TC10_HeadlessChrome.java:15)
at tests.TC10_HeadlessChrome.HeadlessChrome(TC10_HeadlessChrome.java:15)
at tests.TC10_HeadlessChrome.HeadlessChrome(TC10_HeadlessChrome.java:15)
at tests.TC10_HeadlessChrome.HeadlessChrome(TC10_HeadlessChrome.java:15)
at tests.TC10_HeadlessChrome.HeadlessChrome(TC10_HeadlessChrome.java:15)
at tests.TC10_HeadlessChrome.HeadlessChrome(TC10_HeadlessChrome.java:15)
at tests.TC10_HeadlessChrome.HeadlessChrome(TC10_HeadlessChrome.java:15)
at tests.TC10_HeadlessChrome.HeadlessChrome(TC10_HeadlessChrome.java:15)
at tests.TC10_HeadlessChrome.HeadlessChrome(TC10_HeadlessChrome.java:15)
at tests.TC10_HeadlessChrome.HeadlessChrome(TC10_HeadlessChrome.java:15)
at tests.TC10_HeadlessChrome.HeadlessChrome(TC10_HeadlessChrome.java:15)
at tests.TC10_HeadlessChrome.HeadlessChrome(TC10_HeadlessChrome.java:15)
at tests.TC10_HeadlessChrome.HeadlessChrome(TC10_HeadlessChrome.java:15)
at tests.TC10_HeadlessChrome.HeadlessChrome(TC10_HeadlessChrome.java:15)
at tests.TC10_HeadlessChrome.HeadlessChrome(TC10_HeadlessChrome.java:15)
at tests.TC10_HeadlessChrome.HeadlessChrome(TC10_HeadlessChrome.java:15)
at tests.TC10_HeadlessChrome.HeadlessChrome(TC10_HeadlessChrome.java:15)
at tests.TC10_HeadlessChrome.HeadlessChrome(TC10_HeadlessChrome.java:15)
at tests.TC10_HeadlessChrome.HeadlessChrome(TC10_HeadlessChrome.java:15)
at tests.TC10_HeadlessChrome.HeadlessChrome(TC10_HeadlessChrome.java:15)
at tests.TC10_HeadlessChrome.HeadlessChrome(TC10_HeadlessChrome.java:15)
at tests.TC10_HeadlessChrome.HeadlessChrome(TC10_HeadlessChrome.java:15)
at tests.TC10_HeadlessChrome.HeadlessChrome(TC10_HeadlessChrome.java:15)
at tests.TC10_HeadlessChrome.HeadlessChrome(TC10_HeadlessChrome.java:15)
at tests.TC10_HeadlessChrome.HeadlessChrome(TC10_HeadlessChrome.java:15)
at tests.TC10_HeadlessChrome.HeadlessChrome(TC10_HeadlessChrome.java:15)
at tests.TC10_HeadlessChrome.HeadlessChrome(TC10_HeadlessChrome.java:15)
at tests.TC10_HeadlessChrome.HeadlessChrome(TC10_HeadlessChrome.java:15)
at tests.TC10_HeadlessChrome.HeadlessChrome(TC10_HeadlessChrome.java:15)
at tests.TC10_HeadlessChrome.HeadlessChrome(TC10_HeadlessChrome.java:15)
at tests.TC10_HeadlessChrome.HeadlessChrome(TC10_HeadlessChrome.java:15)
at tests.TC10_HeadlessChrome.HeadlessChrome(TC10_HeadlessChrome.java:15)
at tests.TC10_HeadlessChrome.HeadlessChrome(TC10_HeadlessChrome.java:15)
at tests.TC10_HeadlessChrome.HeadlessChrome(TC10_HeadlessChrome.java:15)
at tests.TC10_HeadlessChrome.HeadlessChrome(TC10_HeadlessChrome.java:15)
at tests.TC10_HeadlessChrome.HeadlessChrome(TC10_HeadlessChrome.java:15)
at tests.TC10_HeadlessChrome.HeadlessChrome(TC10_HeadlessChrome.java:15)
at tests.TC10_HeadlessChrome.HeadlessChrome(TC10_HeadlessChrome.java:15)
at tests.TC10_HeadlessChrome.HeadlessChrome(TC10_HeadlessChrome.java:15)
at tests.TC10_HeadlessChrome.HeadlessChrome(TC10_HeadlessChrome.java:15)
at tests.TC10_HeadlessChrome.HeadlessChrome(TC10_HeadlessChrome.java:15)
at tests.TC10_HeadlessChrome.HeadlessChrome(TC10_HeadlessChrome.java:15)
at tests.TC10_HeadlessChrome.HeadlessChrome(TC10_HeadlessChrome.java:15)
at tests.TC10_HeadlessChrome.HeadlessChrome(TC10_HeadlessChrome.java:15)
at tests.TC10_HeadlessChrome.HeadlessChrome(TC10_HeadlessChrome.java:15)
at tests.TC10_HeadlessChrome.HeadlessChrome(TC10_HeadlessChrome.java:15)
at tests.TC10_HeadlessChrome.HeadlessChrome(TC10_HeadlessChrome.java:15)
at tests.TC10_HeadlessChrome.HeadlessChrome(TC10_HeadlessChrome.java:15)
at tests.TC10_HeadlessChrome.HeadlessChrome(TC10_HeadlessChrome.java:15)
at tests.TC10_HeadlessChrome.HeadlessChrome(TC10_HeadlessChrome.java:15)
at tests.TC10_HeadlessChrome.HeadlessChrome(TC10_HeadlessChrome.java:15)
at tests.TC10_HeadlessChrome.HeadlessChrome(TC10_HeadlessChrome.java:15)
at tests.TC10_HeadlessChrome.HeadlessChrome(TC10_HeadlessChrome.java:15)
at tests.TC10_HeadlessChrome.HeadlessChrome(TC10_HeadlessChrome.java:15)
at tests.TC10_HeadlessChrome.HeadlessChrome(TC10_HeadlessChrome.java:15)
at tests.TC10_HeadlessChrome.HeadlessChrome(TC10_HeadlessChrome.java:15)
at tests.TC10_HeadlessChrome.HeadlessChrome(TC10_HeadlessChrome.java:15)
at tests.TC10_HeadlessChrome.HeadlessChrome(TC10_HeadlessChrome.java:15)
at tests.TC10_HeadlessChrome.HeadlessChrome(TC10_HeadlessChrome.java:15)
at tests.TC10_HeadlessChrome.HeadlessChrome(TC10_HeadlessChrome.java:15)
at tests.TC10_HeadlessChrome.HeadlessChrome(TC10_HeadlessChrome.java:15)
at tests.TC10_HeadlessChrome.HeadlessChrome(TC10_HeadlessChrome.java:15)
at tests.TC10_HeadlessChrome.HeadlessChrome(TC10_HeadlessChrome.java:15)
at tests.TC10_HeadlessChrome.HeadlessChrome(TC10_HeadlessChrome.java:15)
at tests.TC10_HeadlessChrome.HeadlessChrome(TC10_HeadlessChrome.java:15)
at tests.TC10_HeadlessChrome.HeadlessChrome(TC10_HeadlessChrome.java:15)
at tests.TC10_HeadlessChrome.HeadlessChrome(TC10_HeadlessChrome.java:15)
at tests.TC10_HeadlessChrome.HeadlessChrome(TC10_HeadlessChrome.java:15)
at tests.TC10_HeadlessChrome.HeadlessChrome(TC10_HeadlessChrome.java:15)
at tests.TC10_HeadlessChrome.HeadlessChrome(TC10_HeadlessChrome.java:15)
at tests.TC10_HeadlessChrome.HeadlessChrome(TC10_HeadlessChrome.java:15)
at tests.TC10_HeadlessChrome.HeadlessChrome(TC10_HeadlessChrome.java:15)
at tests.TC10_HeadlessChrome.HeadlessChrome(TC10_HeadlessChrome.java:15)
at tests.TC10_HeadlessChrome.HeadlessChrome(TC10_HeadlessChrome.java:15)
at tests.TC10_HeadlessChrome.HeadlessChrome(TC10_HeadlessChrome.java:15)
at tests.TC10_HeadlessChrome.HeadlessChrome(TC10_HeadlessChrome.java:15)
at tests.TC10_HeadlessChrome.HeadlessChrome(TC10_HeadlessChrome.java:15)
at tests.TC10_HeadlessChrome.HeadlessChrome(TC10_HeadlessChrome.java:15)
at tests.TC10_HeadlessChrome.HeadlessChrome(TC10_HeadlessChrome.java:15)
at tests.TC10_HeadlessChrome.HeadlessChrome(TC10_HeadlessChrome.java:15)
at tests.TC10_HeadlessChrome.HeadlessChrome(TC10_HeadlessChrome.java:15)
at tests.TC10_HeadlessChrome.HeadlessChrome(TC10_HeadlessChrome.java:15)
at tests.TC10_HeadlessChrome.HeadlessChrome(TC10_HeadlessChrome.java:15)
at tests.TC10_HeadlessChrome.HeadlessChrome(TC10_HeadlessChrome.java:15)
at tests.TC10_HeadlessChrome.HeadlessChrome(TC10_HeadlessChrome.java:15)
at tests.TC10_HeadlessChrome.HeadlessChrome(TC10_HeadlessChrome.java:15)
at tests.TC10_HeadlessChrome.HeadlessChrome(TC10_HeadlessChrome.java:15)
at tests.TC10_HeadlessChrome.HeadlessChrome(TC10_HeadlessChrome.java:15)
at tests.TC10_HeadlessChrome.HeadlessChrome(TC10_HeadlessChrome.java:15)
at tests.TC10_HeadlessChrome.HeadlessChrome(TC10_HeadlessChrome.java:15)
at tests.TC10_HeadlessChrome.HeadlessChrome(TC10_HeadlessChrome.java:15)
at tests.TC10_HeadlessChrome.HeadlessChrome(TC10_HeadlessChrome.java:15)
at tests.TC10_HeadlessChrome.HeadlessChrome(TC10_HeadlessChrome.java:15)
at tests.TC10_HeadlessChrome.HeadlessChrome(TC10_HeadlessChrome.java:15)
at tests.TC10_HeadlessChrome.HeadlessChrome(TC10_HeadlessChrome.java:15)
at tests.TC10_HeadlessChrome.HeadlessChrome(TC10_HeadlessChrome.java:15)
at tests.TC10_HeadlessChrome.HeadlessChrome(TC10_HeadlessChrome.java:15)
at tests.TC10_HeadlessChrome.HeadlessChrome(TC10_HeadlessChrome.java:15)
at tests.TC10_HeadlessChrome.HeadlessChrome(TC10_HeadlessChrome.java:15)
at tests.TC10_HeadlessChrome.HeadlessChrome(TC10_HeadlessChrome.java:15)
at tests.TC10_HeadlessChrome.HeadlessChrome(TC10_HeadlessChrome.java:15)
at tests.TC10_HeadlessChrome.HeadlessChrome(TC10_HeadlessChrome.java:15)
at tests.TC10_HeadlessChrome.HeadlessChrome(TC10_HeadlessChrome.java:15)
at tests.TC10_HeadlessChrome.HeadlessChrome(TC10_HeadlessChrome.java:15)
at tests.TC10_HeadlessChrome.HeadlessChrome(TC10_HeadlessChrome.java:15)
at tests.TC10_HeadlessChrome.HeadlessChrome(TC10_HeadlessChrome.java:15)
at tests.TC10_HeadlessChrome.HeadlessChrome(TC10_HeadlessChrome.java:15)
at tests.TC10_HeadlessChrome.HeadlessChrome(TC10_HeadlessChrome.java:15)
at tests.TC10_HeadlessChrome.HeadlessChrome(TC10_HeadlessChrome.java:15)
at tests.TC10_HeadlessChrome.HeadlessChrome(TC10_HeadlessChrome.java:15)
at tests.TC10_HeadlessChrome.HeadlessChrome(TC10_HeadlessChrome.java:15)
at tests.TC10_HeadlessChrome.HeadlessChrome(TC10_HeadlessChrome.java:15)
at tests.TC10_HeadlessChrome.HeadlessChrome(TC10_HeadlessChrome.java:15)
at tests.TC10_HeadlessChrome.HeadlessChrome(TC10_HeadlessChrome.java:15)
at tests.TC10_HeadlessChrome.HeadlessChrome(TC10_HeadlessChrome.java:15)
at tests.TC10_HeadlessChrome.HeadlessChrome(TC10_HeadlessChrome.java:15)
at tests.TC10_HeadlessChrome.HeadlessChrome(TC10_HeadlessChrome.java:15)
at tests.TC10_HeadlessChrome.HeadlessChrome(TC10_HeadlessChrome.java:15)
at tests.TC10_HeadlessChrome.HeadlessChrome(TC10_HeadlessChrome.java:15)
at tests.TC10_HeadlessChrome.HeadlessChrome(TC10_HeadlessChrome.java:15)
at tests.TC10_HeadlessChrome.HeadlessChrome(TC10_HeadlessChrome.java:15)
at tests.TC10_HeadlessChrome.HeadlessChrome(TC10_HeadlessChrome.java:15)
at tests.TC10_HeadlessChrome.HeadlessChrome(TC10_HeadlessChrome.java:15)
at tests.TC10_HeadlessChrome.HeadlessChrome(TC10_HeadlessChrome.java:15)
at tests.TC10_HeadlessChrome.HeadlessChrome(TC10_HeadlessChrome.java:15)
at tests.TC10_HeadlessChrome.HeadlessChrome(TC10_HeadlessChrome.java:15)
at tests.TC10_HeadlessChrome.HeadlessChrome(TC10_HeadlessChrome.java:15)
at tests.TC10_HeadlessChrome.HeadlessChrome(TC10_HeadlessChrome.java:15)
at tests.TC10_HeadlessChrome.HeadlessChrome(TC10_HeadlessChrome.java:15)
at tests.TC10_HeadlessChrome.HeadlessChrome(TC10_HeadlessChrome.java:15)
at tests.TC10_HeadlessChrome.HeadlessChrome(TC10_HeadlessChrome.java:15)
at tests.TC10_HeadlessChrome.HeadlessChrome(TC10_HeadlessChrome.java:15)
at tests.TC10_HeadlessChrome.HeadlessChrome(TC10_HeadlessChrome.java:15)
at tests.TC10_HeadlessChrome.HeadlessChrome(TC10_HeadlessChrome.java:15)
at tests.TC10_HeadlessChrome.HeadlessChrome(TC10_HeadlessChrome.java:15)
at tests.TC10_HeadlessChrome.HeadlessChrome(TC10_HeadlessChrome.java:15)
at tests.TC10_HeadlessChrome.HeadlessChrome(TC10_HeadlessChrome.java:15)
at tests.TC10_HeadlessChrome.HeadlessChrome(TC10_HeadlessChrome.java:15)
at tests.TC10_HeadlessChrome.HeadlessChrome(TC10_HeadlessChrome.java:15)
at tests.TC10_HeadlessChrome.HeadlessChrome(TC10_HeadlessChrome.java:15)
at tests.TC10_HeadlessChrome.HeadlessChrome(TC10_HeadlessChrome.java:15)
at tests.TC10_HeadlessChrome.HeadlessChrome(TC10_HeadlessChrome.java:15)
at tests.TC10_HeadlessChrome.HeadlessChrome(TC10_HeadlessChrome.java:15)
at tests.TC10_HeadlessChrome.HeadlessChrome(TC10_HeadlessChrome.java:15)
at tests.TC10_HeadlessChrome.HeadlessChrome(TC10_HeadlessChrome.java:15)
at tests.TC10_HeadlessChrome.HeadlessChrome(TC10_HeadlessChrome.java:15)
at tests.TC10_HeadlessChrome.HeadlessChrome(TC10_HeadlessChrome.java:15)
at tests.TC10_HeadlessChrome.HeadlessChrome(TC10_HeadlessChrome.java:15)
at tests.TC10_HeadlessChrome.HeadlessChrome(TC10_HeadlessChrome.java:15)
at tests.TC10_HeadlessChrome.HeadlessChrome(TC10_HeadlessChrome.java:15)
at tests.TC10_HeadlessChrome.HeadlessChrome(TC10_HeadlessChrome.java:15)
at tests.TC10_HeadlessChrome.HeadlessChrome(TC10_HeadlessChrome.java:15)
at tests.TC10_HeadlessChrome.HeadlessChrome(TC10_HeadlessChrome.java:15)
at tests.TC10_HeadlessChrome.HeadlessChrome(TC10_HeadlessChrome.java:15)
at tests.TC10_HeadlessChrome.HeadlessChrome(TC10_HeadlessChrome.java:15)
at tests.TC10_HeadlessChrome.HeadlessChrome(TC10_HeadlessChrome.java:15)
at tests.TC10_HeadlessChrome.HeadlessChrome(TC10_HeadlessChrome.java:15)
at tests.TC10_HeadlessChrome.HeadlessChrome(TC10_HeadlessChrome.java:15)
at tests.TC10_HeadlessChrome.HeadlessChrome(TC10_HeadlessChrome.java:15)
at tests.TC10_HeadlessChrome.HeadlessChrome(TC10_HeadlessChrome.java:15)
at tests.TC10_HeadlessChrome.HeadlessChrome(TC10_HeadlessChrome.java:15)
at tests.TC10_HeadlessChrome.HeadlessChrome(TC10_HeadlessChrome.java:15)
at tests.TC10_HeadlessChrome.HeadlessChrome(TC10_HeadlessChrome.java:15)
at tests.TC10_HeadlessChrome.HeadlessChrome(TC10_HeadlessChrome.java:15)
at tests.TC10_HeadlessChrome.HeadlessChrome(TC10_HeadlessChrome.java:15)
at tests.TC10_HeadlessChrome.HeadlessChrome(TC10_HeadlessChrome.java:15)
at tests.TC10_HeadlessChrome.HeadlessChrome(TC10_HeadlessChrome.java:15)
at tests.TC10_HeadlessChrome.HeadlessChrome(TC10_HeadlessChrome.java:15)
at tests.TC10_HeadlessChrome.HeadlessChrome(TC10_HeadlessChrome.java:15)
at tests.TC10_HeadlessChrome.HeadlessChrome(TC10_HeadlessChrome.java:15)
at tests.TC10_HeadlessChrome.HeadlessChrome(TC10_HeadlessChrome.java:15)
at tests.TC10_HeadlessChrome.HeadlessChrome(TC10_HeadlessChrome.java:15)
at tests.TC10_HeadlessChrome.HeadlessChrome(TC10_HeadlessChrome.java:15)
at tests.TC10_HeadlessChrome.HeadlessChrome(TC10_HeadlessChrome.java:15)
at tests.TC10_HeadlessChrome.HeadlessChrome(TC10_HeadlessChrome.java:15)
at tests.TC10_HeadlessChrome.HeadlessChrome(TC10_HeadlessChrome.java:15)
at tests.TC10_HeadlessChrome.HeadlessChrome(TC10_HeadlessChrome.java:15)
at tests.TC10_HeadlessChrome.HeadlessChrome(TC10_HeadlessChrome.java:15)
at tests.TC10_HeadlessChrome.HeadlessChrome(TC10_HeadlessChrome.java:15)
at tests.TC10_HeadlessChrome.HeadlessChrome(TC10_HeadlessChrome.java:15)
at tests.TC10_HeadlessChrome.HeadlessChrome(TC10_HeadlessChrome.java:15)
at tests.TC10_HeadlessChrome.HeadlessChrome(TC10_HeadlessChrome.java:15)
at tests.TC10_HeadlessChrome.HeadlessChrome(TC10_HeadlessChrome.java:15)
at tests.TC10_HeadlessChrome.HeadlessChrome(TC10_HeadlessChrome.java:15)
at tests.TC10_HeadlessChrome.HeadlessChrome(TC10_HeadlessChrome.java:15)
at tests.TC10_HeadlessChrome.HeadlessChrome(TC10_HeadlessChrome.java:15)
at tests.TC10_HeadlessChrome.HeadlessChrome(TC10_HeadlessChrome.java:15)
at tests.TC10_HeadlessChrome.HeadlessChrome(TC10_HeadlessChrome.java:15)
at tests.TC10_HeadlessChrome.HeadlessChrome(TC10_HeadlessChrome.java:15)
at tests.TC10_HeadlessChrome.HeadlessChrome(TC10_HeadlessChrome.java:15)
at tests.TC10_HeadlessChrome.HeadlessChrome(TC10_HeadlessChrome.java:15)
at tests.TC10_HeadlessChrome.HeadlessChrome(TC10_HeadlessChrome.java:15)
at tests.TC10_HeadlessChrome.HeadlessChrome(TC10_HeadlessChrome.java:15)
at tests.TC10_HeadlessChrome.HeadlessChrome(TC10_HeadlessChrome.java:15)
at tests.TC10_HeadlessChrome.HeadlessChrome(TC10_HeadlessChrome.java:15)
at tests.TC10_HeadlessChrome.HeadlessChrome(TC10_HeadlessChrome.java:15)
at tests.TC10_HeadlessChrome.HeadlessChrome(TC10_HeadlessChrome.java:15)
at tests.TC10_HeadlessChrome.HeadlessChrome(TC10_HeadlessChrome.java:15)
at tests.TC10_HeadlessChrome.HeadlessChrome(TC10_HeadlessChrome.java:15)
at tests.TC10_HeadlessChrome.HeadlessChrome(TC10_HeadlessChrome.java:15)
at tests.TC10_HeadlessChrome.HeadlessChrome(TC10_HeadlessChrome.java:15)
at tests.TC10_HeadlessChrome.HeadlessChrome(TC10_HeadlessChrome.java:15)
at tests.TC10_HeadlessChrome.HeadlessChrome(TC10_HeadlessChrome.java:15)
at tests.TC10_HeadlessChrome.HeadlessChrome(TC10_HeadlessChrome.java:15)
at tests.TC10_HeadlessChrome.HeadlessChrome(TC10_HeadlessChrome.java:15)
at tests.TC10_HeadlessChrome.HeadlessChrome(TC10_HeadlessChrome.java:15)
at tests.TC10_HeadlessChrome.HeadlessChrome(TC10_HeadlessChrome.java:15)
at tests.TC10_HeadlessChrome.HeadlessChrome(TC10_HeadlessChrome.java:15)
at tests.TC10_HeadlessChrome.HeadlessChrome(TC10_HeadlessChrome.java:15)
at tests.TC10_HeadlessChrome.HeadlessChrome(TC10_HeadlessChrome.java:15)
at tests.TC10_HeadlessChrome.HeadlessChrome(TC10_HeadlessChrome.java:15)
at tests.TC10_HeadlessChrome.HeadlessChrome(TC10_HeadlessChrome.java:15)
at tests.TC10_HeadlessChrome.HeadlessChrome(TC10_HeadlessChrome.java:15)
at tests.TC10_HeadlessChrome.HeadlessChrome(TC10_HeadlessChrome.java:15)
at tests.TC10_HeadlessChrome.HeadlessChrome(TC10_HeadlessChrome.java:15)
at tests.TC10_HeadlessChrome.HeadlessChrome(TC10_HeadlessChrome.java:15)
at tests.TC10_HeadlessChrome.HeadlessChrome(TC10_HeadlessChrome.java:15)
at tests.TC10_HeadlessChrome.HeadlessChrome(TC10_HeadlessChrome.java:15)
at tests.TC10_HeadlessChrome.HeadlessChrome(TC10_HeadlessChrome.java:15)
at tests.TC10_HeadlessChrome.HeadlessChrome(TC10_HeadlessChrome.java:15)
at tests.TC10_HeadlessChrome.HeadlessChrome(TC10_HeadlessChrome.java:15)
at tests.TC10_HeadlessChrome.HeadlessChrome(TC10_HeadlessChrome.java:15)
at tests.TC10_HeadlessChrome.HeadlessChrome(TC10_HeadlessChrome.java:15)
at tests.TC10_HeadlessChrome.HeadlessChrome(TC10_HeadlessChrome.java:15)
at tests.TC10_HeadlessChrome.HeadlessChrome(TC10_HeadlessChrome.java:15)
at tests.TC10_HeadlessChrome.HeadlessChrome(TC10_HeadlessChrome.java:15)
at tests.TC10_HeadlessChrome.HeadlessChrome(TC10_HeadlessChrome.java:15)
at tests.TC10_HeadlessChrome.HeadlessChrome(TC10_HeadlessChrome.java:15)
at tests.TC10_HeadlessChrome.HeadlessChrome(TC10_HeadlessChrome.java:15)
at tests.TC10_HeadlessChrome.HeadlessChrome(TC10_HeadlessChrome.java:15)
at tests.TC10_HeadlessChrome.HeadlessChrome(TC10_HeadlessChrome.java:15)
at tests.TC10_HeadlessChrome.HeadlessChrome(TC10_HeadlessChrome.java:15)
at tests.TC10_HeadlessChrome.HeadlessChrome(TC10_HeadlessChrome.java:15)
at tests.TC10_HeadlessChrome.HeadlessChrome(TC10_HeadlessChrome.java:15)
at tests.TC10_HeadlessChrome.HeadlessChrome(TC10_HeadlessChrome.java:15)
at tests.TC10_HeadlessChrome.HeadlessChrome(TC10_HeadlessChrome.java:15)
at tests.TC10_HeadlessChrome.HeadlessChrome(TC10_HeadlessChrome.java:15)
at tests.TC10_HeadlessChrome.HeadlessChrome(TC10_HeadlessChrome.java:15)
at tests.TC10_HeadlessChrome.HeadlessChrome(TC10_HeadlessChrome.java:15)
at tests.TC10_HeadlessChrome.HeadlessChrome(TC10_HeadlessChrome.java:15)
at tests.TC10_HeadlessChrome.HeadlessChrome(TC10_HeadlessChrome.java:15)
at tests.TC10_HeadlessChrome.HeadlessChrome(TC10_HeadlessChrome.java:15)
at tests.TC10_HeadlessChrome.HeadlessChrome(TC10_HeadlessChrome.java:15)
at tests.TC10_HeadlessChrome.HeadlessChrome(TC10_HeadlessChrome.java:15)
at tests.TC10_HeadlessChrome.HeadlessChrome(TC10_HeadlessChrome.java:15)
at tests.TC10_HeadlessChrome.HeadlessChrome(TC10_HeadlessChrome.java:15)
at tests.TC10_HeadlessChrome.HeadlessChrome(TC10_HeadlessChrome.java:15)
at tests.TC10_HeadlessChrome.HeadlessChrome(TC10_HeadlessChrome.java:15)
at tests.TC10_HeadlessChrome.HeadlessChrome(TC10_HeadlessChrome.java:15)
at tests.TC10_HeadlessChrome.HeadlessChrome(TC10_HeadlessChrome.java:15)
at tests.TC10_HeadlessChrome.HeadlessChrome(TC10_HeadlessChrome.java:15)
at tests.TC10_HeadlessChrome.HeadlessChrome(TC10_HeadlessChrome.java:15)
at tests.TC10_HeadlessChrome.HeadlessChrome(TC10_HeadlessChrome.java:15)
at tests.TC10_HeadlessChrome.HeadlessChrome(TC10_HeadlessChrome.java:15)
at tests.TC10_HeadlessChrome.HeadlessChrome(TC10_HeadlessChrome.java:15)
at tests.TC10_HeadlessChrome.HeadlessChrome(TC10_HeadlessChrome.java:15)
at tests.TC10_HeadlessChrome.HeadlessChrome(TC10_HeadlessChrome.java:15)
at tests.TC10_HeadlessChrome.HeadlessChrome(TC10_HeadlessChrome.java:15)
at tests.TC10_HeadlessChrome.HeadlessChrome(TC10_HeadlessChrome.java:15)
at tests.TC10_HeadlessChrome.HeadlessChrome(TC10_HeadlessChrome.java:15)
at tests.TC10_HeadlessChrome.HeadlessChrome(TC10_HeadlessChrome.java:15)
at tests.TC10_HeadlessChrome.HeadlessChrome(TC10_HeadlessChrome.java:15)
at tests.TC10_HeadlessChrome.HeadlessChrome(TC10_HeadlessChrome.java:15)
at tests.TC10_HeadlessChrome.HeadlessChrome(TC10_HeadlessChrome.java:15)
at tests.TC10_HeadlessChrome.HeadlessChrome(TC10_HeadlessChrome.java:15)
at tests.TC10_HeadlessChrome.HeadlessChrome(TC10_HeadlessChrome.java:15)
at tests.TC10_HeadlessChrome.HeadlessChrome(TC10_HeadlessChrome.java:15)
at tests.TC10_HeadlessChrome.HeadlessChrome(TC10_HeadlessChrome.java:15)
at tests.TC10_HeadlessChrome.HeadlessChrome(TC10_HeadlessChrome.java:15)
at tests.TC10_HeadlessChrome.HeadlessChrome(TC10_HeadlessChrome.java:15)
at tests.TC10_HeadlessChrome.HeadlessChrome(TC10_HeadlessChrome.java:15)
at tests.TC10_HeadlessChrome.HeadlessChrome(TC10_HeadlessChrome.java:15)
at tests.TC10_HeadlessChrome.HeadlessChrome(TC10_HeadlessChrome.java:15)
at tests.TC10_HeadlessChrome.HeadlessChrome(TC10_HeadlessChrome.java:15)
at tests.TC10_HeadlessChrome.HeadlessChrome(TC10_HeadlessChrome.java:15)
at tests.TC10_HeadlessChrome.HeadlessChrome(TC10_HeadlessChrome.java:15)
at tests.TC10_HeadlessChrome.HeadlessChrome(TC10_HeadlessChrome.java:15)
at tests.TC10_HeadlessChrome.HeadlessChrome(TC10_HeadlessChrome.java:15)
at tests.TC10_HeadlessChrome.HeadlessChrome(TC10_HeadlessChrome.java:15)
at tests.TC10_HeadlessChrome.HeadlessChrome(TC10_HeadlessChrome.java:15)
at tests.TC10_HeadlessChrome.HeadlessChrome(TC10_HeadlessChrome.java:15)
at tests.TC10_HeadlessChrome.HeadlessChrome(TC10_HeadlessChrome.java:15)
at tests.TC10_HeadlessChrome.HeadlessChrome(TC10_HeadlessChrome.java:15)
at tests.TC10_HeadlessChrome.HeadlessChrome(TC10_HeadlessChrome.java:15)
at tests.TC10_HeadlessChrome.HeadlessChrome(TC10_HeadlessChrome.java:15)
at tests.TC10_HeadlessChrome.HeadlessChrome(TC10_HeadlessChrome.java:15)
at tests.TC10_HeadlessChrome.HeadlessChrome(TC10_HeadlessChrome.java:15)
at tests.TC10_HeadlessChrome.HeadlessChrome(TC10_HeadlessChrome.java:15)
at tests.TC10_HeadlessChrome.HeadlessChrome(TC10_HeadlessChrome.java:15)
at tests.TC10_HeadlessChrome.HeadlessChrome(TC10_HeadlessChrome.java:15)
at tests.TC10_HeadlessChrome.HeadlessChrome(TC10_HeadlessChrome.java:15)
at tests.TC10_HeadlessChrome.HeadlessChrome(TC10_HeadlessChrome.java:15)
at tests.TC10_HeadlessChrome.HeadlessChrome(TC10_HeadlessChrome.java:15)
at tests.TC10_HeadlessChrome.HeadlessChrome(TC10_HeadlessChrome.java:15)
at tests.TC10_HeadlessChrome.HeadlessChrome(TC10_HeadlessChrome.java:15)
at tests.TC10_HeadlessChrome.HeadlessChrome(TC10_HeadlessChrome.java:15)
at tests.TC10_HeadlessChrome.HeadlessChrome(TC10_HeadlessChrome.java:15)
at tests.TC10_HeadlessChrome.HeadlessChrome(TC10_HeadlessChrome.java:15)
at tests.TC10_HeadlessChrome.HeadlessChrome(TC10_HeadlessChrome.java:15)
at tests.TC10_HeadlessChrome.HeadlessChrome(TC10_HeadlessChrome.java:15)
at tests.TC10_HeadlessChrome.HeadlessChrome(TC10_HeadlessChrome.java:15)
at tests.TC10_HeadlessChrome.HeadlessChrome(TC10_HeadlessChrome.java:15)
at tests.TC10_HeadlessChrome.HeadlessChrome(TC10_HeadlessChrome.java:15)
at tests.TC10_HeadlessChrome.HeadlessChrome(TC10_HeadlessChrome.java:15)
at tests.TC10_HeadlessChrome.HeadlessChrome(TC10_HeadlessChrome.java:15)
at tests.TC10_HeadlessChrome.HeadlessChrome(TC10_HeadlessChrome.java:15)
at tests.TC10_HeadlessChrome.HeadlessChrome(TC10_HeadlessChrome.java:15)
at tests.TC10_HeadlessChrome.HeadlessChrome(TC10_HeadlessChrome.java:15)
at tests.TC10_HeadlessChrome.HeadlessChrome(TC10_HeadlessChrome.java:15)
at tests.TC10_HeadlessChrome.HeadlessChrome(TC10_HeadlessChrome.java:15)
at tests.TC10_HeadlessChrome.HeadlessChrome(TC10_HeadlessChrome.java:15)
at tests.TC10_HeadlessChrome.HeadlessChrome(TC10_HeadlessChrome.java:15)
at tests.TC10_HeadlessChrome.HeadlessChrome(TC10_HeadlessChrome.java:15)
at tests.TC10_HeadlessChrome.HeadlessChrome(TC10_HeadlessChrome.java:15)
at tests.TC10_HeadlessChrome.HeadlessChrome(TC10_HeadlessChrome.java:15)
at tests.TC10_HeadlessChrome.HeadlessChrome(TC10_HeadlessChrome.java:15)
at tests.TC10_HeadlessChrome.HeadlessChrome(TC10_HeadlessChrome.java:15)
at tests.TC10_HeadlessChrome.HeadlessChrome(TC10_HeadlessChrome.java:15)
at tests.TC10_HeadlessChrome.HeadlessChrome(TC10_HeadlessChrome.java:15)
at tests.TC10_HeadlessChrome.HeadlessChrome(TC10_HeadlessChrome.java:15)
at tests.TC10_HeadlessChrome.HeadlessChrome(TC10_HeadlessChrome.java:15)
at tests.TC10_HeadlessChrome.HeadlessChrome(TC10_HeadlessChrome.java:15)
at tests.TC10_HeadlessChrome.HeadlessChrome(TC10_HeadlessChrome.java:15)
at tests.TC10_HeadlessChrome.HeadlessChrome(TC10_HeadlessChrome.java:15)
at tests.TC10_HeadlessChrome.HeadlessChrome(TC10_HeadlessChrome.java:15)
at tests.TC10_HeadlessChrome.HeadlessChrome(TC10_HeadlessChrome.java:15)
at tests.TC10_HeadlessChrome.HeadlessChrome(TC10_HeadlessChrome.java:15)
at tests.TC10_HeadlessChrome.HeadlessChrome(TC10_HeadlessChrome.java:15)
at tests.TC10_HeadlessChrome.HeadlessChrome(TC10_HeadlessChrome.java:15)
at tests.TC10_HeadlessChrome.HeadlessChrome(TC10_HeadlessChrome.java:15)
at tests.TC10_HeadlessChrome.HeadlessChrome(TC10_HeadlessChrome.java:15)
at tests.TC10_HeadlessChrome.HeadlessChrome(TC10_HeadlessChrome.java:15)
at tests.TC10_HeadlessChrome.HeadlessChrome(TC10_HeadlessChrome.java:15)
at tests.TC10_HeadlessChrome.HeadlessChrome(TC10_HeadlessChrome.java:15)
at tests.TC10_HeadlessChrome.HeadlessChrome(TC10_HeadlessChrome.java:15)
at tests.TC10_HeadlessChrome.HeadlessChrome(TC10_HeadlessChrome.java:15)
at tests.TC10_HeadlessChrome.HeadlessChrome(TC10_HeadlessChrome.java:15)
at tests.TC10_HeadlessChrome.HeadlessChrome(TC10_HeadlessChrome.java:15)
at tests.TC10_HeadlessChrome.HeadlessChrome(TC10_HeadlessChrome.java:15)
at tests.TC10_HeadlessChrome.HeadlessChrome(TC10_HeadlessChrome.java:15)
at tests.TC10_HeadlessChrome.HeadlessChrome(TC10_HeadlessChrome.java:15)
at tests.TC10_HeadlessChrome.HeadlessChrome(TC10_HeadlessChrome.java:15)
at tests.TC10_HeadlessChrome.HeadlessChrome(TC10_HeadlessChrome.java:15)
at tests.TC10_HeadlessChrome.HeadlessChrome(TC10_HeadlessChrome.java:15)
at tests.TC10_HeadlessChrome.HeadlessChrome(TC10_HeadlessChrome.java:15)
at tests.TC10_HeadlessChrome.HeadlessChrome(TC10_HeadlessChrome.java:15)
at tests.TC10_HeadlessChrome.HeadlessChrome(TC10_HeadlessChrome.java:15)
at tests.TC10_HeadlessChrome.HeadlessChrome(TC10_HeadlessChrome.java:15)
at tests.TC10_HeadlessChrome.HeadlessChrome(TC10_HeadlessChrome.java:15)
at tests.TC10_HeadlessChrome.HeadlessChrome(TC10_HeadlessChrome.java:15)
at tests.TC10_HeadlessChrome.HeadlessChrome(TC10_HeadlessChrome.java:15)
at tests.TC10_HeadlessChrome.HeadlessChrome(TC10_HeadlessChrome.java:15)
at tests.TC10_HeadlessChrome.HeadlessChrome(TC10_HeadlessChrome.java:15)
at tests.TC10_HeadlessChrome.HeadlessChrome(TC10_HeadlessChrome.java:15)
at tests.TC10_HeadlessChrome.HeadlessChrome(TC10_HeadlessChrome.java:15)
at tests.TC10_HeadlessChrome.HeadlessChrome(TC10_HeadlessChrome.java:15)
at tests.TC10_HeadlessChrome.HeadlessChrome(TC10_HeadlessChrome.java:15)
at tests.TC10_HeadlessChrome.HeadlessChrome(TC10_HeadlessChrome.java:15)
at tests.TC10_HeadlessChrome.HeadlessChrome(TC10_HeadlessChrome.java:15)
at tests.TC10_HeadlessChrome.HeadlessChrome(TC10_HeadlessChrome.java:15)
at tests.TC10_HeadlessChrome.HeadlessChrome(TC10_HeadlessChrome.java:15)
at tests.TC10_HeadlessChrome.HeadlessChrome(TC10_HeadlessChrome.java:15)
at tests.TC10_HeadlessChrome.HeadlessChrome(TC10_HeadlessChrome.java:15)
at tests.TC10_HeadlessChrome.HeadlessChrome(TC10_HeadlessChrome.java:15)
at tests.TC10_HeadlessChrome.HeadlessChrome(TC10_HeadlessChrome.java:15)
at tests.TC10_HeadlessChrome.HeadlessChrome(TC10_HeadlessChrome.java:15)
at tests.TC10_HeadlessChrome.HeadlessChrome(TC10_HeadlessChrome.java:15)
at tests.TC10_HeadlessChrome.HeadlessChrome(TC10_HeadlessChrome.java:15)
at tests.TC10_HeadlessChrome.HeadlessChrome(TC10_HeadlessChrome.java:15)
at tests.TC10_HeadlessChrome.HeadlessChrome(TC10_HeadlessChrome.java:15)
at tests.TC10_HeadlessChrome.HeadlessChrome(TC10_HeadlessChrome.java:15)
at tests.TC10_HeadlessChrome.HeadlessChrome(TC10_HeadlessChrome.java:15)
at tests.TC10_HeadlessChrome.HeadlessChrome(TC10_HeadlessChrome.java:15)
at tests.TC10_HeadlessChrome.HeadlessChrome(TC10_HeadlessChrome.java:15)
at tests.TC10_HeadlessChrome.HeadlessChrome(TC10_HeadlessChrome.java:15)
at tests.TC10_HeadlessChrome.HeadlessChrome(TC10_HeadlessChrome.java:15)
at tests.TC10_HeadlessChrome.HeadlessChrome(TC10_HeadlessChrome.java:15)
at tests.TC10_HeadlessChrome.HeadlessChrome(TC10_HeadlessChrome.java:15)
at tests.TC10_HeadlessChrome.HeadlessChrome(TC10_HeadlessChrome.java:15)
at tests.TC10_HeadlessChrome.HeadlessChrome(TC10_HeadlessChrome.java:15)
at tests.TC10_HeadlessChrome.HeadlessChrome(TC10_HeadlessChrome.java:15)
at tests.TC10_HeadlessChrome.HeadlessChrome(TC10_HeadlessChrome.java:15)
at tests.TC10_HeadlessChrome.HeadlessChrome(TC10_HeadlessChrome.java:15)
at tests.TC10_HeadlessChrome.HeadlessChrome(TC10_HeadlessChrome.java:15)
at tests.TC10_HeadlessChrome.HeadlessChrome(TC10_HeadlessChrome.java:15)
at tests.TC10_HeadlessChrome.HeadlessChrome(TC10_HeadlessChrome.java:15)
at tests.TC10_HeadlessChrome.HeadlessChrome(TC10_HeadlessChrome.java:15)
at tests.TC10_HeadlessChrome.HeadlessChrome(TC10_HeadlessChrome.java:15)
at tests.TC10_HeadlessChrome.HeadlessChrome(TC10_HeadlessChrome.java:15)
at tests.TC10_HeadlessChrome.HeadlessChrome(TC10_HeadlessChrome.java:15)
at tests.TC10_HeadlessChrome.HeadlessChrome(TC10_HeadlessChrome.java:15)
at tests.TC10_HeadlessChrome.HeadlessChrome(TC10_HeadlessChrome.java:15)
at tests.TC10_HeadlessChrome.HeadlessChrome(TC10_HeadlessChrome.java:15)
at tests.TC10_HeadlessChrome.HeadlessChrome(TC10_HeadlessChrome.java:15)
at tests.TC10_HeadlessChrome.HeadlessChrome(TC10_HeadlessChrome.java:15)
at tests.TC10_HeadlessChrome.HeadlessChrome(TC10_HeadlessChrome.java:15)
at tests.TC10_HeadlessChrome.HeadlessChrome(TC10_HeadlessChrome.java:15)
at tests.TC10_HeadlessChrome.HeadlessChrome(TC10_HeadlessChrome.java:15)
at tests.TC10_HeadlessChrome.HeadlessChrome(TC10_HeadlessChrome.java:15)
at tests.TC10_HeadlessChrome.HeadlessChrome(TC10_HeadlessChrome.java:15)
at tests.TC10_HeadlessChrome.HeadlessChrome(TC10_HeadlessChrome.java:15)
at tests.TC10_HeadlessChrome.HeadlessChrome(TC10_HeadlessChrome.java:15)
at tests.TC10_HeadlessChrome.HeadlessChrome(TC10_HeadlessChrome.java:15)
at tests.TC10_HeadlessChrome.HeadlessChrome(TC10_HeadlessChrome.java:15)
at tests.TC10_HeadlessChrome.HeadlessChrome(TC10_HeadlessChrome.java:15)
at tests.TC10_HeadlessChrome.HeadlessChrome(TC10_HeadlessChrome.java:15)
at tests.TC10_HeadlessChrome.HeadlessChrome(TC10_HeadlessChrome.java:15)
at tests.TC10_HeadlessChrome.HeadlessChrome(TC10_HeadlessChrome.java:15)
at tests.TC10_HeadlessChrome.HeadlessChrome(TC10_HeadlessChrome.java:15)
at tests.TC10_HeadlessChrome.HeadlessChrome(TC10_HeadlessChrome.java:15)
at tests.TC10_HeadlessChrome.HeadlessChrome(TC10_HeadlessChrome.java:15)
at tests.TC10_HeadlessChrome.HeadlessChrome(TC10_HeadlessChrome.java:15)
at tests.TC10_HeadlessChrome.HeadlessChrome(TC10_HeadlessChrome.java:15)
at tests.TC10_HeadlessChrome.HeadlessChrome(TC10_HeadlessChrome.java:15)
at tests.TC10_HeadlessChrome.HeadlessChrome(TC10_HeadlessChrome.java:15)
at tests.TC10_HeadlessChrome.HeadlessChrome(TC10_HeadlessChrome.java:15)
at tests.TC10_HeadlessChrome.HeadlessChrome(TC10_HeadlessChrome.java:15)
at tests.TC10_HeadlessChrome.HeadlessChrome(TC10_HeadlessChrome.java:15)
at tests.TC10_HeadlessChrome.HeadlessChrome(TC10_HeadlessChrome.java:15)
at tests.TC10_HeadlessChrome.HeadlessChrome(TC10_HeadlessChrome.java:15)
at tests.TC10_HeadlessChrome.HeadlessChrome(TC10_HeadlessChrome.java:15)
at tests.TC10_HeadlessChrome.HeadlessChrome(TC10_HeadlessChrome.java:15)
at tests.TC10_HeadlessChrome.HeadlessChrome(TC10_HeadlessChrome.java:15)
at tests.TC10_HeadlessChrome.HeadlessChrome(TC10_HeadlessChrome.java:15)
at tests.TC10_HeadlessChrome.HeadlessChrome(TC10_HeadlessChrome.java:15)
at tests.TC10_HeadlessChrome.HeadlessChrome(TC10_HeadlessChrome.java:15)
at tests.TC10_HeadlessChrome.HeadlessChrome(TC10_HeadlessChrome.java:15)
at tests.TC10_HeadlessChrome.HeadlessChrome(TC10_HeadlessChrome.java:15)
at tests.TC10_HeadlessChrome.HeadlessChrome(TC10_HeadlessChrome.java:15)
at tests.TC10_HeadlessChrome.HeadlessChrome(TC10_HeadlessChrome.java:15)
at tests.TC10_HeadlessChrome.HeadlessChrome(TC10_HeadlessChrome.java:15)
at tests.TC10_HeadlessChrome.HeadlessChrome(TC10_HeadlessChrome.java:15)
at tests.TC10_HeadlessChrome.HeadlessChrome(TC10_HeadlessChrome.java:15)
at tests.TC10_HeadlessChrome.HeadlessChrome(TC10_HeadlessChrome.java:15)
at tests.TC10_HeadlessChrome.HeadlessChrome(TC10_HeadlessChrome.java:15)
at tests.TC10_HeadlessChrome.HeadlessChrome(TC10_HeadlessChrome.java:15)
at tests.TC10_HeadlessChrome.HeadlessChrome(TC10_HeadlessChrome.java:15)
at tests.TC10_HeadlessChrome.HeadlessChrome(TC10_HeadlessChrome.java:15)
at tests.TC10_HeadlessChrome.HeadlessChrome(TC10_HeadlessChrome.java:15)
at tests.TC10_HeadlessChrome.HeadlessChrome(TC10_HeadlessChrome.java:15)
at tests.TC10_HeadlessChrome.HeadlessChrome(TC10_HeadlessChrome.java:15)
at tests.TC10_HeadlessChrome.HeadlessChrome(TC10_HeadlessChrome.java:15)
at tests.TC10_HeadlessChrome.HeadlessChrome(TC10_HeadlessChrome.java:15)
at tests.TC10_HeadlessChrome.HeadlessChrome(TC10_HeadlessChrome.java:15)
at tests.TC10_HeadlessChrome.HeadlessChrome(TC10_HeadlessChrome.java:15)
at tests.TC10_HeadlessChrome.HeadlessChrome(TC10_HeadlessChrome.java:15)
at tests.TC10_HeadlessChrome.HeadlessChrome(TC10_HeadlessChrome.java:15)
at tests.TC10_HeadlessChrome.HeadlessChrome(TC10_HeadlessChrome.java:15)
at tests.TC10_HeadlessChrome.HeadlessChrome(TC10_HeadlessChrome.java:15)
at tests.TC10_HeadlessChrome.HeadlessChrome(TC10_HeadlessChrome.java:15)
at tests.TC10_HeadlessChrome.HeadlessChrome(TC10_HeadlessChrome.java:15)
at tests.TC10_HeadlessChrome.HeadlessChrome(TC10_HeadlessChrome.java:15)
at tests.TC10_HeadlessChrome.HeadlessChrome(TC10_HeadlessChrome.java:15)
at tests.TC10_HeadlessChrome.HeadlessChrome(TC10_HeadlessChrome.java:15)
at tests.TC10_HeadlessChrome.HeadlessChrome(TC10_HeadlessChrome.java:15)
at tests.TC10_HeadlessChrome.HeadlessChrome(TC10_HeadlessChrome.java:15)
at tests.TC10_HeadlessChrome.HeadlessChrome(TC10_HeadlessChrome.java:15)
at tests.TC10_HeadlessChrome.HeadlessChrome(TC10_HeadlessChrome.java:15)
at tests.TC10_HeadlessChrome.HeadlessChrome(TC10_HeadlessChrome.java:15)
at tests.TC10_HeadlessChrome.HeadlessChrome(TC10_HeadlessChrome.java:15)
at tests.TC10_HeadlessChrome.HeadlessChrome(TC10_HeadlessChrome.java:15)
at tests.TC10_HeadlessChrome.HeadlessChrome(TC10_HeadlessChrome.java:15)
at tests.TC10_HeadlessChrome.HeadlessChrome(TC10_HeadlessChrome.java:15)
at tests.TC10_HeadlessChrome.HeadlessChrome(TC10_HeadlessChrome.java:15)
at tests.TC10_HeadlessChrome.HeadlessChrome(TC10_HeadlessChrome.java:15)
at tests.TC10_HeadlessChrome.HeadlessChrome(TC10_HeadlessChrome.java:15)
at tests.TC10_HeadlessChrome.HeadlessChrome(TC10_HeadlessChrome.java:15)
at tests.TC10_HeadlessChrome.HeadlessChrome(TC10_HeadlessChrome.java:15)
at tests.TC10_HeadlessChrome.HeadlessChrome(TC10_HeadlessChrome.java:15)
at tests.TC10_HeadlessChrome.HeadlessChrome(TC10_HeadlessChrome.java:15)
at tests.TC10_HeadlessChrome.HeadlessChrome(TC10_HeadlessChrome.java:15)
at tests.TC10_HeadlessChrome.HeadlessChrome(TC10_HeadlessChrome.java:15)
at tests.TC10_HeadlessChrome.HeadlessChrome(TC10_HeadlessChrome.java:15)
at tests.TC10_HeadlessChrome.HeadlessChrome(TC10_HeadlessChrome.java:15)
at tests.TC10_HeadlessChrome.HeadlessChrome(TC10_HeadlessChrome.java:15)
at tests.TC10_HeadlessChrome.HeadlessChrome(TC10_HeadlessChrome.java:15)
at tests.TC10_HeadlessChrome.HeadlessChrome(TC10_HeadlessChrome.java:15)
at tests.TC10_HeadlessChrome.HeadlessChrome(TC10_HeadlessChrome.java:15)
at tests.TC10_HeadlessChrome.HeadlessChrome(TC10_HeadlessChrome.java:15)
at tests.TC10_HeadlessChrome.HeadlessChrome(TC10_HeadlessChrome.java:15)
at tests.TC10_HeadlessChrome.HeadlessChrome(TC10_HeadlessChrome.java:15)
at tests.TC10_HeadlessChrome.HeadlessChrome(TC10_HeadlessChrome.java:15)
at tests.TC10_HeadlessChrome.HeadlessChrome(TC10_HeadlessChrome.java:15)
at tests.TC10_HeadlessChrome.HeadlessChrome(TC10_HeadlessChrome.java:15)
at tests.TC10_HeadlessChrome.HeadlessChrome(TC10_HeadlessChrome.java:15)
at tests.TC10_HeadlessChrome.HeadlessChrome(TC10_HeadlessChrome.java:15)
at tests.TC10_HeadlessChrome.HeadlessChrome(TC10_HeadlessChrome.java:15)
at tests.TC10_HeadlessChrome.HeadlessChrome(TC10_HeadlessChrome.java:15)
at tests.TC10_HeadlessChrome.HeadlessChrome(TC10_HeadlessChrome.java:15)
at tests.TC10_HeadlessChrome.HeadlessChrome(TC10_HeadlessChrome.java:15)
at tests.TC10_HeadlessChrome.HeadlessChrome(TC10_HeadlessChrome.java:15)
at tests.TC10_HeadlessChrome.HeadlessChrome(TC10_HeadlessChrome.java:15)
at tests.TC10_HeadlessChrome.HeadlessChrome(TC10_HeadlessChrome.java:15)
at tests.TC10_HeadlessChrome.HeadlessChrome(TC10_HeadlessChrome.java:15)
at tests.TC10_HeadlessChrome.HeadlessChrome(TC10_HeadlessChrome.java:15)
at tests.TC10_HeadlessChrome.HeadlessChrome(TC10_HeadlessChrome.java:15)
at tests.TC10_HeadlessChrome.HeadlessChrome(TC10_HeadlessChrome.java:15)
at tests.TC10_HeadlessChrome.HeadlessChrome(TC10_HeadlessChrome.java:15)
at tests.TC10_HeadlessChrome.HeadlessChrome(TC10_HeadlessChrome.java:15)
at tests.TC10_HeadlessChrome.HeadlessChrome(TC10_HeadlessChrome.java:15)
at tests.TC10_HeadlessChrome.HeadlessChrome(TC10_HeadlessChrome.java:15)
at tests.TC10_HeadlessChrome.HeadlessChrome(TC10_HeadlessChrome.java:15)
at tests.TC10_HeadlessChrome.HeadlessChrome(TC10_HeadlessChrome.java:15)
at tests.TC10_HeadlessChrome.HeadlessChrome(TC10_HeadlessChrome.java:15)
at tests.TC10_HeadlessChrome.HeadlessChrome(TC10_HeadlessChrome.java:15)
at tests.TC10_HeadlessChrome.HeadlessChrome(TC10_HeadlessChrome.java:15)
at tests.TC10_HeadlessChrome.HeadlessChrome(TC10_HeadlessChrome.java:15)
at tests.TC10_HeadlessChrome.HeadlessChrome(TC10_HeadlessChrome.java:15)
at tests.TC10_HeadlessChrome.HeadlessChrome(TC10_HeadlessChrome.java:15)
at tests.TC10_HeadlessChrome.HeadlessChrome(TC10_HeadlessChrome.java:15)
at tests.TC10_HeadlessChrome.HeadlessChrome(TC10_HeadlessChrome.java:15)
at tests.TC10_HeadlessChrome.HeadlessChrome(TC10_HeadlessChrome.java:15)
at tests.TC10_HeadlessChrome.HeadlessChrome(TC10_HeadlessChrome.java:15)
at tests.TC10_HeadlessChrome.HeadlessChrome(TC10_HeadlessChrome.java:15)
at tests.TC10_HeadlessChrome.HeadlessChrome(TC10_HeadlessChrome.java:15)
at tests.TC10_HeadlessChrome.HeadlessChrome(TC10_HeadlessChrome.java:15)
at tests.TC10_HeadlessChrome.HeadlessChrome(TC10_HeadlessChrome.java:15)
at tests.TC10_HeadlessChrome.HeadlessChrome(TC10_HeadlessChrome.java:15)
at tests.TC10_HeadlessChrome.HeadlessChrome(TC10_HeadlessChrome.java:15)
at tests.TC10_HeadlessChrome.HeadlessChrome(TC10_HeadlessChrome.java:15)
at tests.TC10_HeadlessChrome.HeadlessChrome(TC10_HeadlessChrome.java:15)
at tests.TC10_HeadlessChrome.HeadlessChrome(TC10_HeadlessChrome.java:15)
at tests.TC10_HeadlessChrome.HeadlessChrome(TC10_HeadlessChrome.java:15)
at tests.TC10_HeadlessChrome.HeadlessChrome(TC10_HeadlessChrome.java:15)
at tests.TC10_HeadlessChrome.HeadlessChrome(TC10_HeadlessChrome.java:15)
at tests.TC10_HeadlessChrome.HeadlessChrome(TC10_HeadlessChrome.java:15)
at tests.TC10_HeadlessChrome.HeadlessChrome(TC10_HeadlessChrome.java:15)
at tests.TC10_HeadlessChrome.HeadlessChrome(TC10_HeadlessChrome.java:15)
at tests.TC10_HeadlessChrome.HeadlessChrome(TC10_HeadlessChrome.java:15)
at tests.TC10_HeadlessChrome.HeadlessChrome(TC10_HeadlessChrome.java:15)
at tests.TC10_HeadlessChrome.HeadlessChrome(TC10_HeadlessChrome.java:15)
at tests.TC10_HeadlessChrome.HeadlessChrome(TC10_HeadlessChrome.java:15)
at tests.TC10_HeadlessChrome.HeadlessChrome(TC10_HeadlessChrome.java:15)
at tests.TC10_HeadlessChrome.HeadlessChrome(TC10_HeadlessChrome.java:15)
at tests.TC10_HeadlessChrome.HeadlessChrome(TC10_HeadlessChrome.java:15)
at tests.TC10_HeadlessChrome.HeadlessChrome(TC10_HeadlessChrome.java:15)
at tests.TC10_HeadlessChrome.HeadlessChrome(TC10_HeadlessChrome.java:15)
at tests.TC10_HeadlessChrome.HeadlessChrome(TC10_HeadlessChrome.java:15)
at tests.TC10_HeadlessChrome.HeadlessChrome(TC10_HeadlessChrome.java:15)
at tests.TC10_HeadlessChrome.HeadlessChrome(TC10_HeadlessChrome.java:15)
at tests.TC10_HeadlessChrome.HeadlessChrome(TC10_HeadlessChrome.java:15)
at tests.TC10_HeadlessChrome.HeadlessChrome(TC10_HeadlessChrome.java:15)
at tests.TC10_HeadlessChrome.HeadlessChrome(TC10_HeadlessChrome.java:15)
at tests.TC10_HeadlessChrome.HeadlessChrome(TC10_HeadlessChrome.java:15)
at tests.TC10_HeadlessChrome.HeadlessChrome(TC10_HeadlessChrome.java:15)
at tests.TC10_HeadlessChrome.HeadlessChrome(TC10_HeadlessChrome.java:15)
at tests.TC10_HeadlessChrome.HeadlessChrome(TC10_HeadlessChrome.java:15)
at tests.TC10_HeadlessChrome.HeadlessChrome(TC10_HeadlessChrome.java:15)
at tests.TC10_HeadlessChrome.HeadlessChrome(TC10_HeadlessChrome.java:15)
at tests.TC10_HeadlessChrome.HeadlessChrome(TC10_HeadlessChrome.java:15)
at tests.TC10_HeadlessChrome.HeadlessChrome(TC10_HeadlessChrome.java:15)
at tests.TC10_HeadlessChrome.HeadlessChrome(TC10_HeadlessChrome.java:15)
at tests.TC10_HeadlessChrome.HeadlessChrome(TC10_HeadlessChrome.java:15)
at tests.TC10_HeadlessChrome.HeadlessChrome(TC10_HeadlessChrome.java:15)
at tests.TC10_HeadlessChrome.HeadlessChrome(TC10_HeadlessChrome.java:15)
at tests.TC10_HeadlessChrome.HeadlessChrome(TC10_HeadlessChrome.java:15)
]]>
    </error>
  </testcase> <!-- HeadlessChrome -->
</testsuite> <!-- tests.TC10_HeadlessChrome -->
