<?xml version="1.0" encoding="UTF-8"?>
<!-- Generated by org.testng.reporters.JUnitReportReporter -->
<testsuite hostname="DESKTOP-H3UQ7ED" failures="0" tests="1" name="tests.HeadlessChrome" time="32.791" errors="0" timestamp="2023-11-22T20:50:35 IST" skipped="0">
  <testcase classname="tests.HeadlessChrome" name="Headless" time="32.791"/>
</testsuite> <!-- tests.HeadlessChrome -->
