<?xml version="1.0" encoding="UTF-8"?>
<!-- Generated by org.testng.reporters.JUnitReportReporter -->
<testsuite hostname="DESKTOP-H3UQ7ED" failures="0" tests="1" name="tests.TC06_AddingItemToCart" time="108.364" errors="0" timestamp="2023-12-09T14:31:36 IST" skipped="0">
  <testcase classname="tests.TC06_AddingItemToCart" name="AddingItemToCart" time="108.364"/>
</testsuite> <!-- tests.TC06_AddingItemToCart -->
