<?xml version="1.0" encoding="UTF-8"?>
<!-- Generated by org.testng.reporters.JUnitReportReporter -->
<testsuite hostname="DESKTOP-H3UQ7ED" failures="0" tests="1" name="tests.TC02_SignUpFunctionality" time="19.552" errors="0" timestamp="2023-11-05T21:17:40 IST" skipped="0">
  <testcase classname="tests.TC02_SignUpFunctionality" name="SignUpTest" time="19.552"/>
</testsuite> <!-- tests.TC02_SignUpFunctionality -->
